
dbscan for data/4clusters.csv with:
- minPts: 3
- epsilon: .17
    
Cluster 0:
[['41' '45']
 ['39' '44']
 ['42' '43']
 ['44' '43']
 ['38' '42']
 ['41' '41']
 ['45' '40']
 ['38' '39']
 ['42' '39']]
Cluster 1:
[['10' '42']
 ['8' '41']
 ['13' '40']
 ['7' '39']
 ['9' '38']
 ['12' '38']
 ['6' '37']
 ['13' '35']
 ['9' '34']
 ['12' '34']]
Cluster 2:
[['32' '27']
 ['39' '24']
 ['34' '23']
 ['37' '23']
 ['38' '21']
 ['35' '20']
 ['31' '18']]
Cluster 3:
[['38' '13']
 ['29' '11']
 ['34' '11']
 ['37' '10']
 ['40' '9']
 ['42' '9']
 ['31' '18']
 ['31' '13']]
╒═══════════╤══════════════════════╤═════════════════════╤════════════════════╤═════════════════════╕
│ cluster   │ 0                    │ 1                   │ 2                  │ 3                   │
├───────────┼──────────────────────┼─────────────────────┼────────────────────┼─────────────────────┤
│ center    │ [0.9, 0.91]          │ [0.1, 0.8]          │ [0.75, 0.37]       │ [0.75, 0.08]        │
├───────────┼──────────────────────┼─────────────────────┼────────────────────┼─────────────────────┤
│ min dist  │ 0.02                 │ 0.03                │ 0.05               │ 0.05                │
├───────────┼──────────────────────┼─────────────────────┼────────────────────┼─────────────────────┤
│ max dist  │ 0.16                 │ 0.16                │ 0.23               │ 0.28                │
├───────────┼──────────────────────┼─────────────────────┼────────────────────┼─────────────────────┤
│ mean dist │ 0.1                  │ 0.12                │ 0.13               │ 0.16                │
├───────────┼──────────────────────┼─────────────────────┼────────────────────┼─────────────────────┤
│ SSE       │ 0.061120648371360616 │ 0.09265651252830741 │ 0.0757490372874988 │ 0.14968907516984437 │
╘═══════════╧══════════════════════╧═════════════════════╧════════════════════╧═════════════════════╛
6 datapoints were found to be noise out of 39