
dbscan for data/AccidentsSet01.csv with:
- minPts: 2
- epsilon: .4
    
Cluster 0:
[['5' '15' '1']
 ['5' '14' '1']
 ['5' '12' '1']
 ['5' '11' '1']
 ['5' '10' '1']
 ['5' '9' '1']
 ['5' '9' '1']
 ['5' '8' '1']
 ['5' '8' '1']
 ['5' '7' '1']]
Cluster 1:
[['2' '1' '1']
 ['2' '2' '2']
 ['2' '2' '2']
 ['2' '2' '1']
 ['2' '4' '2']
 ['2' '4' '1']
 ['2' '5' '3']
 ['2' '5' '4']]
╒═══════════╤═════════════════════╤════════════════════╕
│ cluster   │ 0                   │ 1                  │
├───────────┼─────────────────────┼────────────────────┤
│ center    │ [1.0, 0.52, 0.0]    │ [0.0, 0.12, 0.33]  │
├───────────┼─────────────────────┼────────────────────┤
│ min dist  │ 0.02                │ 0.05               │
├───────────┼─────────────────────┼────────────────────┤
│ max dist  │ 0.26                │ 0.77               │
├───────────┼─────────────────────┼────────────────────┤
│ mean dist │ 0.12                │ 0.33               │
├───────────┼─────────────────────┼────────────────────┤
│ SSE       │ 0.19783950617283955 │ 0.9409722222222222 │
╘═══════════╧═════════════════════╧════════════════════╛
1 datapoints were found to be noise out of 19