
dbscan for data/AccidentsSet03.csv with:
- minPts: 2
- epsilon: .4
    
Cluster 0:
[['3.00' ' 0.00' ' 2.00' ' 1.00' ' 0.00']
 ['1.00' ' 0.00' ' 2.00' ' 1.00' ' 1.00']
 ['2.00' ' 0.00' ' 2.00' ' 1.00' ' 0.00']
 ['3.00' ' 0.00' ' 2.00' ' 1.00' ' 1.00']
 ['1.00' ' 0.00' ' 2.00' ' 1.00' ' 1.00']
 ['1.00' ' 0.00' ' 2.00' ' 1.00' ' 1.00']
 ['4.00' ' 0.00' ' 2.00' ' 1.00' ' 0.00']
 ['2.00' ' 0.00' ' 2.00' ' 1.00' ' 0.00']
 ['4.00' ' 0.00' ' 2.00' ' 1.00' ' 0.00']
 ['1.00' ' 0.00' ' 2.00' ' 1.00' ' 0.00']
 ['1.00' ' 0.00' ' 2.00' ' 1.00' ' 1.00']
 ['1.00' ' 0.00' ' 2.00' ' 1.00' ' 1.00']
 ['1.00' ' 0.00' ' 2.00' ' 1.00' ' 1.00']
 ['1.00' ' 0.00' ' 2.00' ' 1.00' ' 1.00']
 ['1.00' ' 0.00' ' 2.00' ' 1.00' ' 1.00']
 ['1.00' ' 0.00' ' 2.00' ' 1.00' ' 1.00']]
Cluster 1:
[['5.00' ' 0.00' ' 4.00' ' 1.00' ' 1.00']
 ['5.00' ' 0.00' ' 4.00' ' 1.00' ' 0.00']
 ['4.00' ' 0.00' ' 4.00' ' 1.00' ' 0.00']
 ['3.00' ' 0.00' ' 4.00' ' 1.00' ' 1.00']
 ['3.00' ' 0.00' ' 4.00' ' 1.00' ' 0.00']
 ['3.00' ' 0.00' ' 4.00' ' 1.00' ' 0.00']
 ['3.00' ' 0.00' ' 4.00' ' 1.00' ' 1.00']
 ['1.00' ' 0.00' ' 4.00' ' 1.00' ' 1.00']
 ['3.00' ' 0.00' ' 4.00' ' 1.00' ' 0.00']
 ['3.00' ' 0.00' ' 4.00' ' 1.00' ' 2.00']]
Cluster 2:
[['2.00' ' 1.00' ' 2.00' ' 1.00' ' 1.00']
 ['1.00' ' 1.00' ' 2.00' ' 1.00' ' 1.00']
 ['1.00' ' 1.00' ' 2.00' ' 1.00' ' 0.00']
 ['1.00' ' 1.00' ' 2.00' ' 1.00' ' 0.00']
 ['1.00' ' 1.00' ' 2.00' ' 1.00' ' 0.00']
 ['3.00' ' 1.00' ' 2.00' ' 1.00' ' 0.00']
 ['3.00' ' 1.00' ' 2.00' ' 1.00' ' 1.00']
 ['1.00' ' 1.00' ' 2.00' ' 1.00' ' 1.00']
 ['2.00' ' 1.00' ' 2.00' ' 1.00' ' 2.00']]
Cluster 3:
[['1.00' ' 1.00' ' 4.00' ' 1.00' ' 0.00']
 ['1.00' ' 1.00' ' 4.00' ' 1.00' ' 1.00']
 ['1.00' ' 1.00' ' 4.00' ' 1.00' ' 2.00']
 ['1.00' ' 1.00' ' 4.00' ' 1.00' ' 2.00']
 ['1.00' ' 1.00' ' 4.00' ' 1.00' ' 0.00']
 ['1.00' ' 1.00' ' 4.00' ' 1.00' ' 1.00']
 ['1.00' ' 1.00' ' 4.00' ' 1.00' ' 1.00']
 ['1.00' ' 1.00' ' 4.00' ' 1.00' ' 0.00']
 ['1.00' ' 1.00' ' 4.00' ' 1.00' ' 1.00']
 ['1.00' ' 1.00' ' 4.00' ' 1.00' ' 0.00']
 ['1.00' ' 1.00' ' 4.00' ' 1.00' ' 1.00']
 ['1.00' ' 1.00' ' 4.00' ' 1.00' ' 0.00']
 ['1.00' ' 1.00' ' 4.00' ' 1.00' ' 1.00']
 ['1.00' ' 1.00' ' 4.00' ' 1.00' ' 1.00']
 ['1.00' ' 1.00' ' 4.00' ' 1.00' ' 0.00']
 ['1.00' ' 1.00' ' 4.00' ' 1.00' ' 0.00']
 ['1.00' ' 1.00' ' 4.00' ' 1.00' ' 0.00']
 ['1.00' ' 1.00' ' 4.00' ' 1.00' ' 1.00']
 ['1.00' ' 1.00' ' 4.00' ' 1.00' ' 0.00']
 ['1.00' ' 1.00' ' 4.00' ' 1.00' ' 1.00']]
╒═══════════╤═════════════════════════════╤════════════════════════════╤═════════════════════════════╤════════════════════════════╕
│ cluster   │ 0                           │ 1                          │ 2                           │ 3                          │
├───────────┼─────────────────────────────┼────────────────────────────┼─────────────────────────────┼────────────────────────────┤
│ center    │ [0.08, 0.0, 0.0, 0.0, 0.21] │ [0.26, 0.0, 1.0, 0.0, 0.2] │ [0.07, 0.5, 0.0, 0.0, 0.22] │ [0.0, 0.5, 1.0, 0.0, 0.22] │
├───────────┼─────────────────────────────┼────────────────────────────┼─────────────────────────────┼────────────────────────────┤
│ min dist  │ 0.21                        │ 0.17                       │ 0.15                        │ 0.12                       │
├───────────┼─────────────────────────────┼────────────────────────────┼─────────────────────────────┼────────────────────────────┤
│ max dist  │ 0.46                        │ 0.5                        │ 0.48                        │ 0.45                       │
├───────────┼─────────────────────────────┼────────────────────────────┼─────────────────────────────┼────────────────────────────┤
│ mean dist │ 0.26                        │ 0.29                       │ 0.28                        │ 0.2                        │
├───────────┼─────────────────────────────┼────────────────────────────┼─────────────────────────────┼────────────────────────────┤
│ SSE       │ 0.6512345679012346          │ 0.6382716049382715         │ 0.5185185185185185          │ 0.95                       │
╘═══════════╧═════════════════════════════╧════════════════════════════╧═════════════════════════════╧════════════════════════════╛
7 datapoints were found to be noise out of 62