
dbscan for data/many_clusters.csv with:
- minPts: 4
- epsilon: .15
    
Cluster 0:
[['38' '45']
 ['42' '43']
 ['40' '42']
 ['41' '41']
 ['44' '41']
 ['40' '40']
 ['44' '40']
 ['43' '37']
 ['38' '36']]
Cluster 1:
[['24' '49']
 ['19' '44']
 ['23' '44']
 ['22' '43']
 ['24' '43']
 ['26' '43']
 ['23' '42']
 ['20' '39']
 ['26' '37']]
Cluster 2:
[['11' '28']
 ['10' '41']
 ['3' '38']
 ['6' '37']
 ['8' '37']
 ['7' '36']
 ['13' '36']
 ['6' '35']
 ['8' '35']
 ['10' '34']
 ['5' '33']
 ['9' '32']]
Cluster 3:
[['35' '30']
 ['28' '28']
 ['34' '27']
 ['36' '27']
 ['37' '26']
 ['35' '25']
 ['39' '25']
 ['37' '24']
 ['41' '23']
 ['31' '21']
 ['38' '21']
 ['39' '16']
 ['38' '33']
 ['31' '30']]
Cluster 4:
[['13' '6']
 ['9' '5']
 ['11' '5']
 ['10' '3']
 ['14' '1']
 ['12' '10']
 ['16' '9']
 ['5' '8']
 ['9' '7']
 ['11' '7']
 ['10' '6']]
Cluster 5:
[['41' '6']
 ['43' '6']
 ['43' '5']
 ['44' '15']
 ['39' '11']
 ['44' '8']
 ['42' '7']]
╒═══════════╤══════════════════════╤═════════════════════╤═════════════════════╤═════════════════════╤═════════════════════╤═════════════════════╕
│ cluster   │ 0                    │ 1                   │ 2                   │ 3                   │ 4                   │ 5                   │
├───────────┼──────────────────────┼─────────────────────┼─────────────────────┼─────────────────────┼─────────────────────┼─────────────────────┤
│ center    │ [0.81, 0.82]         │ [0.43, 0.87]        │ [0.11, 0.71]        │ [0.69, 0.51]        │ [0.17, 0.11]        │ [0.84, 0.15]        │
├───────────┼──────────────────────┼─────────────────────┼─────────────────────┼─────────────────────┼─────────────────────┼─────────────────────┤
│ min dist  │ 0.01                 │ 0.01                │ 0.0                 │ 0.02                │ 0.02                │ 0.03                │
├───────────┼──────────────────────┼─────────────────────┼─────────────────────┼─────────────────────┼─────────────────────┼─────────────────────┤
│ max dist  │ 0.16                 │ 0.18                │ 0.21                │ 0.27                │ 0.17                │ 0.18                │
├───────────┼──────────────────────┼─────────────────────┼─────────────────────┼─────────────────────┼─────────────────────┼─────────────────────┤
│ mean dist │ 0.08                 │ 0.08                │ 0.09                │ 0.13                │ 0.08                │ 0.09                │
├───────────┼──────────────────────┼─────────────────────┼─────────────────────┼─────────────────────┼─────────────────────┼─────────────────────┤
│ SSE       │ 0.046421695197536465 │ 0.05988640221819828 │ 0.09000224512935298 │ 0.18489847180006752 │ 0.06747819983446966 │ 0.04153328375261378 │
╘═══════════╧══════════════════════╧═════════════════════╧═════════════════════╧═════════════════════╧═════════════════════╧═════════════════════╛
11 datapoints were found to be noise out of 73