DATASET: data/iris.csv{"type": "root", "height": 7.47521209716797, "nodes": [{"type": "node", "data": [{"type": "node", "data": [{"type": "leaf", "data": [0.08333333333333327, 0.6666666666666666, 0.0, 0.04166666666666667], "height": 0}, {"type": "node", "data": [{"type": "leaf", "data": [0.055555555555555594, 0.1249999999999999, 0.05084745762711865, 0.08333333333333333], "height": 0}, {"type": "node", "data": [{"type": "leaf", "data": [0.0, 0.41666666666666663, 0.016949152542372895, 0.0], "height": 0}, {"type": "node", "data": [{"type": "leaf", "data": [0.027777777777777922, 0.3749999999999999, 0.06779661016949151, 0.04166666666666667], "height": 0}, {"type": "leaf", "data": [0.027777777777777922, 0.41666666666666663, 0.05084745762711865, 0.04166666666666667], "height": 0}], "height": 0.19999999999999996}], "height": 0.5000000000000004}], "height": 1.1}], "height": 1.4749999999999996}, {"type": "node", "data": [{"type": "node", "data": [{"type": "leaf", "data": [0.38888888888888895, 1.0, 0.0847457627118644, 0.12500000000000003], "height": 0}, {"type": "node", "data": [{"type": "leaf", "data": [0.41666666666666663, 0.8333333333333333, 0.033898305084745756, 0.04166666666666667], "height": 0}, {"type": "node", "data": [{"type": "leaf", "data": [0.25000000000000006, 0.8749999999999998, 0.0847457627118644, 0.0], "height": 0}, {"type": "leaf", "data": [0.3333333333333333, 0.9166666666666666, 0.06779661016949151, 0.04166666666666667], "height": 0}], "height": 0.6000000000000004}], "height": 0.8999999999999997}], "height": 0.9500000000000003}, {"type": "node", "data": [{"type": "node", "data": [{"type": "node", "data": [{"type": "leaf", "data": [0.22222222222222213, 0.5416666666666665, 0.11864406779661016, 0.16666666666666669], "height": 0}, {"type": "node", "data": [{"type": "leaf", "data": [0.19444444444444448, 0.5833333333333333, 0.1016949152542373, 0.12500000000000003], "height": 0}, {"type": "leaf", "data": [0.19444444444444448, 0.6249999999999999, 0.1016949152542373, 0.20833333333333334], "height": 0}], "height": 0.30000000000000004}], "height": 0.4499999999999996}, {"type": "node", "data": [{"type": "node", "data": [{"type": "node", "data": [{"type": "leaf", "data": [0.19444444444444448, 0.41666666666666663, 0.1016949152542373, 0.04166666666666667], "height": 0}, {"type": "node", "data": [{"type": "node", "data": [{"type": "leaf", "data": [0.1666666666666668, 0.4583333333333333, 0.0847457627118644, 0.0], "height": 0}, {"type": "node", "data": [{"type": "leaf", "data": [0.1666666666666668, 0.4583333333333333, 0.0847457627118644, 0.0], "height": 0}, {"type": "leaf", "data": [0.1666666666666668, 0.4583333333333333, 0.0847457627118644, 0.0], "height": 0}], "height": 0.0}], "height": 0.0}, {"type": "node", "data": [{"type": "leaf", "data": [0.1666666666666668, 0.41666666666666663, 0.06779661016949151, 0.04166666666666667], "height": 0}, {"type": "node", "data": [{"type": "leaf", "data": [0.13888888888888887, 0.41666666666666663, 0.06779661016949151, 0.0], "height": 0}, {"type": "leaf", "data": [0.13888888888888887, 0.41666666666666663, 0.06779661016949151, 0.08333333333333333], "height": 0}], "height": 0.19999999999999998}], "height": 0.2000000000000005}], "height": 0.3500000000000004}], "height": 0.3999999999999999}, {"type": "node", "data": [{"type": "leaf", "data": [0.19444444444444448, 0.5, 0.033898305084745756, 0.04166666666666667], "height": 0}, {"type": "node", "data": [{"type": "node", "data": [{"type": "leaf", "data": [0.19444444444444448, 0.6666666666666666, 0.06779661016949151, 0.04166666666666667], "height": 0}, {"type": "node", "data": [{"type": "leaf", "data": [0.19444444444444448, 0.6249999999999999, 0.05084745762711865, 0.08333333333333333], "height": 0}, {"type": "node", "data": [{"type": "leaf", "data": [0.22222222222222213, 0.6249999999999999, 0.06779661016949151, 0.04166666666666667], "height": 0}, {"type": "leaf", "data": [0.22222222222222213, 0.6249999999999999, 0.06779661016949151, 0.08333333333333333], "height": 0}], "height": 0.09999999999999998}], "height": 0.2499999999999995}], "height": 0.2749999999999998}, {"type": "node", "data": [{"type": "node", "data": [{"type": "leaf", "data": [0.25000000000000006, 0.6249999999999999, 0.0847457627118644, 0.04166666666666667], "height": 0}, {"type": "leaf", "data": [0.25000000000000006, 0.5833333333333333, 0.06779661016949151, 0.04166666666666667], "height": 0}], "height": 0.20000000000000018}, {"type": "node", "data": [{"type": "leaf", "data": [0.19444444444444448, 0.5416666666666665, 0.06779661016949151, 0.04166666666666667], "height": 0}, {"type": "node", "data": [{"type": "leaf", "data": [0.19444444444444448, 0.5833333333333333, 0.0847457627118644, 0.04166666666666667], "height": 0}, {"type": "leaf", "data": [0.22222222222222213, 0.5833333333333333, 0.0847457627118644, 0.04166666666666667], "height": 0}], "height": 0.09999999999999964}], "height": 0.25}], "height": 0.3250000000000004}], "height": 0.3687500000000002}], "height": 0.5749999999999997}], "height": 0.680078125}, {"type": "node", "data": [{"type": "node", "data": [{"type": "leaf", "data": [0.13888888888888887, 0.5833333333333333, 0.15254237288135591, 0.04166666666666667], "height": 0}, {"type": "node", "data": [{"type": "leaf", "data": [0.13888888888888887, 0.5833333333333333, 0.1016949152542373, 0.04166666666666667], "height": 0}, {"type": "node", "data": [{"type": "leaf", "data": [0.11111111111111119, 0.5, 0.1016949152542373, 0.04166666666666667], "height": 0}, {"type": "leaf", "data": [0.13888888888888887, 0.4583333333333333, 0.1016949152542373, 0.04166666666666667], "height": 0}], "height": 0.19999999999999973}], "height": 0.2999999999999996}], "height": 0.4499999999999996}, {"type": "node", "data": [{"type": "leaf", "data": [0.08333333333333327, 0.5833333333333333, 0.06779661016949151, 0.08333333333333333], "height": 0}, {"type": "node", "data": [{"type": "node", "data": [{"type": "leaf", "data": [0.08333333333333327, 0.4583333333333333, 0.0847457627118644, 0.04166666666666667], "height": 0}, {"type": "leaf", "data": [0.08333333333333327, 0.5, 0.06779661016949151, 0.04166666666666667], "height": 0}], "height": 0.20000000000000018}, {"type": "node", "data": [{"type": "leaf", "data": [0.11111111111111119, 0.5, 0.05084745762711865, 0.04166666666666667], "height": 0}, {"type": "leaf", "data": [0.027777777777777922, 0.5, 0.05084745762711865, 0.04166666666666667], "height": 0}], "height": 0.2999999999999998}], "height": 0.34999999999999987}], "height": 0.47499999999999964}], "height": 0.734375}], "height": 0.8000000000000003}], "height": 0.9249999999999998}, {"type": "node", "data": [{"type": "node", "data": [{"type": "leaf", "data": [0.3333333333333333, 0.6249999999999999, 0.05084745762711865, 0.04166666666666667], "height": 0}, {"type": "node", "data": [{"type": "leaf", "data": [0.30555555555555564, 0.5833333333333333, 0.11864406779661016, 0.04166666666666667], "height": 0}, {"type": "leaf", "data": [0.30555555555555564, 0.5833333333333333, 0.0847457627118644, 0.12500000000000003], "height": 0}], "height": 0.39999999999999997}], "height": 0.5999999999999996}, {"type": "node", "data": [{"type": "node", "data": [{"type": "leaf", "data": [0.38888888888888895, 0.7499999999999998, 0.11864406779661016, 0.08333333333333333], "height": 0}, {"type": "node", "data": [{"type": "leaf", "data": [0.30555555555555564, 0.7916666666666665, 0.11864406779661016, 0.12500000000000003], "height": 0}, {"type": "leaf", "data": [0.30555555555555564, 0.7916666666666665, 0.05084745762711865, 0.12500000000000003], "height": 0}], "height": 0.3999999999999999}], "height": 0.7}, {"type": "node", "data": [{"type": "leaf", "data": [0.22222222222222213, 0.7499999999999998, 0.15254237288135591, 0.12500000000000003], "height": 0}, {"type": "node", "data": [{"type": "node", "data": [{"type": "leaf", "data": [0.30555555555555564, 0.7083333333333333, 0.0847457627118644, 0.04166666666666667], "height": 0}, {"type": "leaf", "data": [0.27777777777777773, 0.7083333333333333, 0.0847457627118644, 0.04166666666666667], "height": 0}], "height": 0.10000000000000053}, {"type": "node", "data": [{"type": "leaf", "data": [0.22222222222222213, 0.7499999999999998, 0.1016949152542373, 0.04166666666666667], "height": 0}, {"type": "node", "data": [{"type": "leaf", "data": [0.22222222222222213, 0.7499999999999998, 0.0847457627118644, 0.08333333333333333], "height": 0}, {"type": "leaf", "data": [0.22222222222222213, 0.7083333333333333, 0.0847457627118644, 0.12500000000000003], "height": 0}], "height": 0.19999999999999968}], "height": 0.29999999999999993}], "height": 0.4500000000000002}], "height": 0.7249999999999999}], "height": 0.8000000000000005}], "height": 0.9609375}], "height": 1.1573974609375002}], "height": 1.6217773437500003}], "height": 2.2185791015625003}, {"type": "node", "data": [{"type": "node", "data": [{"type": "node", "data": [{"type": "node", "data": [{"type": "leaf", "data": [0.4722222222222222, 0.0833333333333334, 0.5084745762711864, 0.375], "height": 0}, {"type": "node", "data": [{"type": "leaf", "data": [0.5277777777777778, 0.0833333333333334, 0.5932203389830508, 0.5833333333333334], "height": 0}, {"type": "leaf", "data": [0.5555555555555555, 0.1249999999999999, 0.576271186440678, 0.5], "height": 0}], "height": 0.4999999999999989}], "height": 1.15}, {"type": "node", "data": [{"type": "node", "data": [{"type": "node", "data": [{"type": "node", "data": [{"type": "leaf", "data": [0.6666666666666666, 0.4583333333333333, 0.576271186440678, 0.5416666666666666], "height": 0}, {"type": "leaf", "data": [0.6388888888888887, 0.41666666666666663, 0.576271186440678, 0.5416666666666666], "height": 0}], "height": 0.20000000000000062}, {"type": "node", "data": [{"type": "leaf", "data": [0.611111111111111, 0.3333333333333332, 0.6101694915254237, 0.5833333333333334], "height": 0}, {"type": "leaf", "data": [0.6388888888888887, 0.3749999999999999, 0.6101694915254237, 0.5], "height": 0}], "height": 0.3999999999999997}], "height": 0.5999999999999995}, {"type": "node", "data": [{"type": "leaf", "data": [0.6944444444444443, 0.3333333333333332, 0.6440677966101694, 0.5416666666666666], "height": 0}, {"type": "node", "data": [{"type": "leaf", "data": [0.7499999999999999, 0.5, 0.6271186440677966, 0.5416666666666666], "height": 0}, {"type": "node", "data": [{"type": "leaf", "data": [0.7222222222222222, 0.4583333333333333, 0.6610169491525424, 0.5833333333333334], "height": 0}, {"type": "leaf", "data": [0.6666666666666666, 0.4583333333333333, 0.6271186440677966, 0.5833333333333334], "height": 0}], "height": 0.40000000000000036}], "height": 0.5}], "height": 0.6500000000000004}], "height": 0.7625000000000003}, {"type": "node", "data": [{"type": "node", "data": [{"type": "node", "data": [{"type": "leaf", "data": [0.44444444444444453, 0.5, 0.6440677966101694, 0.7083333333333334], "height": 0}, {"type": "node", "data": [{"type": "leaf", "data": [0.44444444444444453, 0.41666666666666663, 0.6949152542372881, 0.7083333333333334], "height": 0}, {"type": "node", "data": [{"type": "leaf", "data": [0.4999999999999999, 0.41666666666666663, 0.6610169491525424, 0.7083333333333334], "height": 0}, {"type": "leaf", "data": [0.4722222222222222, 0.41666666666666663, 0.6440677966101694, 0.7083333333333334], "height": 0}], "height": 0.20000000000000018}], "height": 0.399999999999999}], "height": 0.44999999999999996}, {"type": "node", "data": [{"type": "leaf", "data": [0.4722222222222222, 0.5833333333333333, 0.5932203389830508, 0.625], "height": 0}, {"type": "node", "data": [{"type": "leaf", "data": [0.5833333333333334, 0.5, 0.5932203389830508, 0.5833333333333334], "height": 0}, {"type": "leaf", "data": [0.5555555555555555, 0.5416666666666665, 0.6271186440677966, 0.625], "height": 0}], "height": 0.5000000000000004}], "height": 0.6500000000000001}], "height": 1.0374999999999994}, {"type": "node", "data": [{"type": "node", "data": [{"type": "node", "data": [{"type": "leaf", "data": [0.4999999999999999, 0.3333333333333332, 0.6271186440677966, 0.4583333333333333], "height": 0}, {"type": "node", "data": [{"type": "leaf", "data": [0.4722222222222222, 0.3749999999999999, 0.5932203389830508, 0.5833333333333334], "height": 0}, {"type": "node", "data": [{"type": "leaf", "data": [0.4999999999999999, 0.3749999999999999, 0.6271186440677966, 0.5416666666666666], "height": 0}, {"type": "leaf", "data": [0.4999999999999999, 0.41666666666666663, 0.6101694915254237, 0.5416666666666666], "height": 0}], "height": 0.20000000000000062}], "height": 0.3999999999999997}], "height": 0.5500000000000002}, {"type": "node", "data": [{"type": "leaf", "data": [0.4999999999999999, 0.3333333333333332, 0.5084745762711864, 0.5], "height": 0}, {"type": "node", "data": [{"type": "leaf", "data": [0.5833333333333334, 0.3749999999999999, 0.559322033898305, 0.5], "height": 0}, {"type": "leaf", "data": [0.5277777777777778, 0.3749999999999999, 0.559322033898305, 0.5], "height": 0}], "height": 0.20000000000000018}], "height": 0.6000000000000005}], "height": 0.8000000000000005}, {"type": "node", "data": [{"type": "node", "data": [{"type": "leaf", "data": [0.3333333333333333, 0.25, 0.576271186440678, 0.4583333333333333], "height": 0}, {"type": "node", "data": [{"type": "leaf", "data": [0.38888888888888895, 0.3333333333333332, 0.5932203389830508, 0.5], "height": 0}, {"type": "node", "data": [{"type": "leaf", "data": [0.361111111111111, 0.2916666666666667, 0.5423728813559322, 0.5], "height": 0}, {"type": "node", "data": [{"type": "node", "data": [{"type": "leaf", "data": [0.38888888888888895, 0.41666666666666663, 0.5423728813559322, 0.4583333333333333], "height": 0}, {"type": "leaf", "data": [0.38888888888888895, 0.3749999999999999, 0.5423728813559322, 0.5], "height": 0}], "height": 0.20000000000000018}, {"type": "node", "data": [{"type": "leaf", "data": [0.361111111111111, 0.41666666666666663, 0.5254237288135593, 0.5], "height": 0}, {"type": "leaf", "data": [0.38888888888888895, 0.3333333333333332, 0.5254237288135593, 0.5], "height": 0}], "height": 0.3000000000000007}], "height": 0.30000000000000093}], "height": 0.37500000000000044}], "height": 0.5125000000000002}], "height": 0.6312499999999999}, {"type": "node", "data": [{"type": "leaf", "data": [0.44444444444444453, 0.41666666666666663, 0.5423728813559322, 0.5833333333333334], "height": 0}, {"type": "node", "data": [{"type": "leaf", "data": [0.361111111111111, 0.41666666666666663, 0.5932203389830508, 0.5833333333333334], "height": 0}, {"type": "leaf", "data": [0.30555555555555564, 0.41666666666666663, 0.5932203389830508, 0.5833333333333334], "height": 0}], "height": 0.1999999999999993}], "height": 0.7000000000000002}], "height": 0.93125}], "height": 1.0566406249999998}], "height": 1.37421875}], "height": 1.44072265625}], "height": 1.9128906249999997}, {"type": "node", "data": [{"type": "leaf", "data": [0.1666666666666668, 0.20833333333333331, 0.5932203389830508, 0.6666666666666666], "height": 0}, {"type": "node", "data": [{"type": "node", "data": [{"type": "leaf", "data": [0.22222222222222213, 0.20833333333333331, 0.3389830508474576, 0.4166666666666667], "height": 0}, {"type": "node", "data": [{"type": "leaf", "data": [0.19444444444444448, 0.0, 0.423728813559322, 0.375], "height": 0}, {"type": "node", "data": [{"type": "leaf", "data": [0.1666666666666668, 0.1666666666666666, 0.38983050847457623, 0.375], "height": 0}, {"type": "leaf", "data": [0.19444444444444448, 0.1249999999999999, 0.38983050847457623, 0.375], "height": 0}], "height": 0.19999999999999973}], "height": 0.5999999999999999}], "height": 0.9499999999999996}, {"type": "node", "data": [{"type": "leaf", "data": [0.25000000000000006, 0.2916666666666667, 0.4915254237288135, 0.5416666666666666], "height": 0}, {"type": "node", "data": [{"type": "leaf", "data": [0.361111111111111, 0.3749999999999999, 0.4406779661016949, 0.5], "height": 0}, {"type": "node", "data": [{"type": "node", "data": [{"type": "node", "data": [{"type": "leaf", "data": [0.3333333333333333, 0.1249999999999999, 0.5084745762711864, 0.5], "height": 0}, {"type": "leaf", "data": [0.3333333333333333, 0.20833333333333331, 0.5084745762711864, 0.5], "height": 0}], "height": 0.20000000000000018}, {"type": "node", "data": [{"type": "leaf", "data": [0.361111111111111, 0.20833333333333331, 0.4915254237288135, 0.4166666666666667], "height": 0}, {"type": "node", "data": [{"type": "leaf", "data": [0.3333333333333333, 0.1666666666666666, 0.47457627118644063, 0.4166666666666667], "height": 0}, {"type": "leaf", "data": [0.3333333333333333, 0.1666666666666666, 0.4576271186440678, 0.375], "height": 0}], "height": 0.19999999999999973}], "height": 0.3999999999999997}], "height": 0.5499999999999999}, {"type": "node", "data": [{"type": "leaf", "data": [0.38888888888888895, 0.25, 0.423728813559322, 0.375], "height": 0}, {"type": "node", "data": [{"type": "leaf", "data": [0.41666666666666663, 0.2916666666666667, 0.5254237288135593, 0.375], "height": 0}, {"type": "node", "data": [{"type": "leaf", "data": [0.41666666666666663, 0.2916666666666667, 0.4915254237288135, 0.4583333333333333], "height": 0}, {"type": "leaf", "data": [0.41666666666666663, 0.25, 0.5084745762711864, 0.4583333333333333], "height": 0}], "height": 0.20000000000000018}], "height": 0.3999999999999997}], "height": 0.7999999999999995}], "height": 0.8812500000000002}], "height": 0.95}], "height": 1.0312499999999993}], "height": 1.62734375}], "height": 2.0359374999999997}], "height": 2.4690277099609372}, {"type": "node", "data": [{"type": "node", "data": [{"type": "node", "data": [{"type": "node", "data": [{"type": "node", "data": [{"type": "leaf", "data": [0.8333333333333333, 0.3749999999999999, 0.8983050847457626, 0.7083333333333334], "height": 0}, {"type": "leaf", "data": [0.8611111111111112, 0.3333333333333332, 0.8644067796610169, 0.75], "height": 0}], "height": 0.5000000000000007}, {"type": "node", "data": [{"type": "leaf", "data": [0.7777777777777776, 0.41666666666666663, 0.8305084745762712, 0.8333333333333334], "height": 0}, {"type": "node", "data": [{"type": "leaf", "data": [0.8055555555555556, 0.5, 0.847457627118644, 0.7083333333333334], "height": 0}, {"type": "leaf", "data": [0.8055555555555556, 0.41666666666666663, 0.8135593220338982, 0.625], "height": 0}], "height": 0.6000000000000003}], "height": 0.7000000000000007}], "height": 0.8999999999999999}, {"type": "node", "data": [{"type": "leaf", "data": [0.9444444444444444, 0.41666666666666663, 0.8644067796610169, 0.9166666666666666], "height": 0}, {"type": "node", "data": [{"type": "leaf", "data": [0.9444444444444444, 0.25, 1.0, 0.9166666666666666], "height": 0}, {"type": "node", "data": [{"type": "leaf", "data": [0.9166666666666665, 0.41666666666666663, 0.9491525423728813, 0.8333333333333334], "height": 0}, {"type": "leaf", "data": [0.9444444444444444, 0.3333333333333332, 0.9661016949152542, 0.7916666666666666], "height": 0}], "height": 0.5000000000000013}], "height": 0.8500000000000003}], "height": 1.0750000000000006}], "height": 1.4125}, {"type": "node", "data": [{"type": "leaf", "data": [0.8055555555555556, 0.6666666666666666, 0.8644067796610169, 1.0], "height": 0}, {"type": "node", "data": [{"type": "leaf", "data": [0.9444444444444444, 0.7499999999999998, 0.9661016949152542, 0.8750000000000001], "height": 0}, {"type": "leaf", "data": [1.0, 0.7499999999999998, 0.9152542372881356, 0.7916666666666666], "height": 0}], "height": 0.7000000000000002}], "height": 1.6500000000000004}], "height": 1.7625000000000002}, {"type": "node", "data": [{"type": "node", "data": [{"type": "node", "data": [{"type": "node", "data": [{"type": "node", "data": [{"type": "leaf", "data": [0.7222222222222222, 0.5, 0.7966101694915254, 0.9166666666666666], "height": 0}, {"type": "leaf", "data": [0.6944444444444443, 0.5, 0.8305084745762712, 0.9166666666666666], "height": 0}], "height": 0.3000000000000007}, {"type": "node", "data": [{"type": "leaf", "data": [0.6666666666666666, 0.4583333333333333, 0.7796610169491525, 0.9583333333333333], "height": 0}, {"type": "node", "data": [{"type": "leaf", "data": [0.6666666666666666, 0.5416666666666665, 0.7966101694915254, 0.8333333333333334], "height": 0}, {"type": "leaf", "data": [0.6666666666666666, 0.5416666666666665, 0.7966101694915254, 1.0], "height": 0}], "height": 0.3999999999999999}], "height": 0.5000000000000002}], "height": 0.5500000000000002}, {"type": "node", "data": [{"type": "node", "data": [{"type": "leaf", "data": [0.6944444444444443, 0.41666666666666663, 0.7627118644067796, 0.8333333333333334], "height": 0}, {"type": "leaf", "data": [0.7222222222222222, 0.4583333333333333, 0.7457627118644068, 0.8333333333333334], "height": 0}], "height": 0.30000000000000027}, {"type": "node", "data": [{"type": "leaf", "data": [0.7222222222222222, 0.4583333333333333, 0.6949152542372881, 0.9166666666666666], "height": 0}, {"type": "leaf", "data": [0.6666666666666666, 0.41666666666666663, 0.711864406779661, 0.9166666666666666], "height": 0}], "height": 0.4000000000000008}], "height": 0.6500000000000001}], "height": 0.8250000000000001}, {"type": "node", "data": [{"type": "leaf", "data": [0.5555555555555555, 0.5416666666666665, 0.847457627118644, 1.0], "height": 0}, {"type": "node", "data": [{"type": "leaf", "data": [0.5833333333333334, 0.5, 0.7288135593220338, 0.9166666666666666], "height": 0}, {"type": "node", "data": [{"type": "leaf", "data": [0.5555555555555555, 0.5833333333333333, 0.7796610169491525, 0.9583333333333333], "height": 0}, {"type": "leaf", "data": [0.5277777777777778, 0.5833333333333333, 0.7457627118644068, 0.9166666666666666], "height": 0}], "height": 0.399999999999999}], "height": 0.6000000000000003}], "height": 0.9500000000000003}], "height": 1.2109375}, {"type": "node", "data": [{"type": "node", "data": [{"type": "leaf", "data": [0.41666666666666663, 0.3333333333333332, 0.6949152542372881, 0.9583333333333333], "height": 0}, {"type": "node", "data": [{"type": "leaf", "data": [0.361111111111111, 0.3333333333333332, 0.6610169491525424, 0.7916666666666666], "height": 0}, {"type": "node", "data": [{"type": "leaf", "data": [0.38888888888888895, 0.20833333333333331, 0.6779661016949152, 0.7916666666666666], "height": 0}, {"type": "node", "data": [{"type": "leaf", "data": [0.41666666666666663, 0.2916666666666667, 0.6949152542372881, 0.75], "height": 0}, {"type": "leaf", "data": [0.41666666666666663, 0.2916666666666667, 0.6949152542372881, 0.75], "height": 0}], "height": 0.0}], "height": 0.49999999999999956}], "height": 0.5499999999999996}], "height": 0.7749999999999994}, {"type": "node", "data": [{"type": "node", "data": [{"type": "leaf", "data": [0.4999999999999999, 0.25, 0.7796610169491525, 0.5416666666666666], "height": 0}, {"type": "node", "data": [{"type": "leaf", "data": [0.4722222222222222, 0.0833333333333334, 0.6779661016949152, 0.5833333333333334], "height": 0}, {"type": "node", "data": [{"type": "leaf", "data": [0.4722222222222222, 0.2916666666666667, 0.6949152542372881, 0.625], "height": 0}, {"type": "node", "data": [{"type": "leaf", "data": [0.5555555555555555, 0.20833333333333331, 0.6610169491525424, 0.5833333333333334], "height": 0}, {"type": "leaf", "data": [0.5555555555555555, 0.3333333333333332, 0.6949152542372881, 0.5833333333333334], "height": 0}], "height": 0.4999999999999991}], "height": 0.6499999999999995}], "height": 0.7749999999999995}], "height": 1.0874999999999995}, {"type": "node", "data": [{"type": "node", "data": [{"type": "node", "data": [{"type": "leaf", "data": [0.5833333333333334, 0.2916666666666667, 0.7288135593220338, 0.75], "height": 0}, {"type": "node", "data": [{"type": "leaf", "data": [0.5555555555555555, 0.20833333333333331, 0.6779661016949152, 0.75], "height": 0}, {"type": "node", "data": [{"type": "leaf", "data": [0.5555555555555555, 0.2916666666666667, 0.6610169491525424, 0.7083333333333334], "height": 0}, {"type": "leaf", "data": [0.5277777777777778, 0.3333333333333332, 0.6440677966101694, 0.7083333333333334], "height": 0}], "height": 0.2999999999999998}], "height": 0.5499999999999996}], "height": 0.6750000000000002}, {"type": "node", "data": [{"type": "leaf", "data": [0.6666666666666666, 0.41666666666666663, 0.6779661016949152, 0.6666666666666666], "height": 0}, {"type": "node", "data": [{"type": "leaf", "data": [0.611111111111111, 0.5, 0.6949152542372881, 0.7916666666666666], "height": 0}, {"type": "leaf", "data": [0.611111111111111, 0.41666666666666663, 0.711864406779661, 0.7916666666666666], "height": 0}], "height": 0.3000000000000007}], "height": 0.7500000000000002}], "height": 0.9874999999999999}, {"type": "node", "data": [{"type": "leaf", "data": [0.6666666666666666, 0.20833333333333331, 0.8135593220338982, 0.7083333333333334], "height": 0}, {"type": "node", "data": [{"type": "node", "data": [{"type": "leaf", "data": [0.5555555555555555, 0.3749999999999999, 0.7796610169491525, 0.7083333333333334], "height": 0}, {"type": "node", "data": [{"type": "leaf", "data": [0.611111111111111, 0.41666666666666663, 0.7627118644067796, 0.7083333333333334], "height": 0}, {"type": "leaf", "data": [0.5833333333333334, 0.4583333333333333, 0.7627118644067796, 0.7083333333333334], "height": 0}], "height": 0.19999999999999973}], "height": 0.40000000000000013}, {"type": "node", "data": [{"type": "leaf", "data": [0.611111111111111, 0.41666666666666663, 0.8135593220338982, 0.8750000000000001], "height": 0}, {"type": "node", "data": [{"type": "leaf", "data": [0.5833333333333334, 0.3333333333333332, 0.7796610169491525, 0.8333333333333334], "height": 0}, {"type": "leaf", "data": [0.5833333333333334, 0.3333333333333332, 0.7796610169491525, 0.8750000000000001], "height": 0}], "height": 0.10000000000000009}], "height": 0.55}], "height": 0.7500000000000002}], "height": 1.0875000000000001}], "height": 1.2484375}], "height": 1.5386718750000004}], "height": 1.6984374999999998}], "height": 2.047509765625}], "height": 2.9249267578125}], "height": 4.391965103149414}]}
Data from cluster 0: 
[['5.1' '3.5' '1.4' '0.2' 'Iris-setosa']
 ['4.9' '3.0' '1.4' '0.2' 'Iris-setosa']
 ['4.7' '3.2' '1.3' '0.2' 'Iris-setosa']
 ['4.6' '3.1' '1.5' '0.2' 'Iris-setosa']
 ['5.0' '3.6' '1.4' '0.2' 'Iris-setosa']
 ['5.4' '3.9' '1.7' '0.4' 'Iris-setosa']
 ['4.6' '3.4' '1.4' '0.3' 'Iris-setosa']
 ['5.0' '3.4' '1.5' '0.2' 'Iris-setosa']
 ['4.4' '2.9' '1.4' '0.2' 'Iris-setosa']
 ['4.9' '3.1' '1.5' '0.1' 'Iris-setosa']
 ['5.4' '3.7' '1.5' '0.2' 'Iris-setosa']
 ['4.8' '3.4' '1.6' '0.2' 'Iris-setosa']
 ['4.8' '3.0' '1.4' '0.1' 'Iris-setosa']
 ['4.3' '3.0' '1.1' '0.1' 'Iris-setosa']
 ['5.8' '4.0' '1.2' '0.2' 'Iris-setosa']
 ['5.7' '4.4' '1.5' '0.4' 'Iris-setosa']
 ['5.4' '3.9' '1.3' '0.4' 'Iris-setosa']
 ['5.1' '3.5' '1.4' '0.3' 'Iris-setosa']
 ['5.7' '3.8' '1.7' '0.3' 'Iris-setosa']
 ['5.1' '3.8' '1.5' '0.3' 'Iris-setosa']
 ['5.4' '3.4' '1.7' '0.2' 'Iris-setosa']
 ['5.1' '3.7' '1.5' '0.4' 'Iris-setosa']
 ['4.6' '3.6' '1.0' '0.2' 'Iris-setosa']
 ['5.1' '3.3' '1.7' '0.5' 'Iris-setosa']
 ['4.8' '3.4' '1.9' '0.2' 'Iris-setosa']
 ['5.0' '3.0' '1.6' '0.2' 'Iris-setosa']
 ['5.0' '3.4' '1.6' '0.4' 'Iris-setosa']
 ['5.2' '3.5' '1.5' '0.2' 'Iris-setosa']
 ['5.2' '3.4' '1.4' '0.2' 'Iris-setosa']
 ['4.7' '3.2' '1.6' '0.2' 'Iris-setosa']
 ['4.8' '3.1' '1.6' '0.2' 'Iris-setosa']
 ['5.4' '3.4' '1.5' '0.4' 'Iris-setosa']
 ['5.2' '4.1' '1.5' '0.1' 'Iris-setosa']
 ['5.5' '4.2' '1.4' '0.2' 'Iris-setosa']
 ['4.9' '3.1' '1.5' '0.1' 'Iris-setosa']
 ['5.0' '3.2' '1.2' '0.2' 'Iris-setosa']
 ['5.5' '3.5' '1.3' '0.2' 'Iris-setosa']
 ['4.9' '3.1' '1.5' '0.1' 'Iris-setosa']
 ['4.4' '3.0' '1.3' '0.2' 'Iris-setosa']
 ['5.1' '3.4' '1.5' '0.2' 'Iris-setosa']
 ['5.0' '3.5' '1.3' '0.3' 'Iris-setosa']
 ['4.5' '2.3' '1.3' '0.3' 'Iris-setosa']
 ['4.4' '3.2' '1.3' '0.2' 'Iris-setosa']
 ['5.0' '3.5' '1.6' '0.6' 'Iris-setosa']
 ['5.1' '3.8' '1.9' '0.4' 'Iris-setosa']
 ['4.8' '3.0' '1.4' '0.3' 'Iris-setosa']
 ['5.1' '3.8' '1.6' '0.2' 'Iris-setosa']
 ['4.6' '3.2' '1.4' '0.2' 'Iris-setosa']
 ['5.3' '3.7' '1.5' '0.2' 'Iris-setosa']
 ['5.0' '3.3' '1.4' '0.2' 'Iris-setosa']]
Data from cluster 1: 
[['6.0' '3.0' '4.8' '1.8' 'Iris-virginica']
 ['5.9' '3.0' '5.1' '1.8' 'Iris-virginica']
 ['7.0' '3.2' '4.7' '1.4' 'Iris-versicolor']
 ['6.4' '3.2' '4.5' '1.5' 'Iris-versicolor']
 ['6.9' '3.1' '4.9' '1.5' 'Iris-versicolor']
 ['5.5' '2.3' '4.0' '1.3' 'Iris-versicolor']
 ['6.5' '2.8' '4.6' '1.5' 'Iris-versicolor']
 ['5.7' '2.8' '4.5' '1.3' 'Iris-versicolor']
 ['6.3' '3.3' '4.7' '1.6' 'Iris-versicolor']
 ['4.9' '2.4' '3.3' '1.0' 'Iris-versicolor']
 ['6.6' '2.9' '4.6' '1.3' 'Iris-versicolor']
 ['5.2' '2.7' '3.9' '1.4' 'Iris-versicolor']
 ['5.0' '2.0' '3.5' '1.0' 'Iris-versicolor']
 ['5.9' '3.0' '4.2' '1.5' 'Iris-versicolor']
 ['6.0' '2.2' '4.0' '1.0' 'Iris-versicolor']
 ['6.1' '2.9' '4.7' '1.4' 'Iris-versicolor']
 ['5.6' '2.9' '3.6' '1.3' 'Iris-versicolor']
 ['6.7' '3.1' '4.4' '1.4' 'Iris-versicolor']
 ['5.6' '3.0' '4.5' '1.5' 'Iris-versicolor']
 ['5.8' '2.7' '4.1' '1.0' 'Iris-versicolor']
 ['6.2' '2.2' '4.5' '1.5' 'Iris-versicolor']
 ['5.6' '2.5' '3.9' '1.1' 'Iris-versicolor']
 ['5.9' '3.2' '4.8' '1.8' 'Iris-versicolor']
 ['6.1' '2.8' '4.0' '1.3' 'Iris-versicolor']
 ['6.1' '2.8' '4.7' '1.2' 'Iris-versicolor']
 ['6.4' '2.9' '4.3' '1.3' 'Iris-versicolor']
 ['6.6' '3.0' '4.4' '1.4' 'Iris-versicolor']
 ['6.8' '2.8' '4.8' '1.4' 'Iris-versicolor']
 ['6.0' '2.9' '4.5' '1.5' 'Iris-versicolor']
 ['5.7' '2.6' '3.5' '1.0' 'Iris-versicolor']
 ['5.5' '2.4' '3.8' '1.1' 'Iris-versicolor']
 ['5.5' '2.4' '3.7' '1.0' 'Iris-versicolor']
 ['5.8' '2.7' '3.9' '1.2' 'Iris-versicolor']
 ['5.4' '3.0' '4.5' '1.5' 'Iris-versicolor']
 ['6.0' '3.4' '4.5' '1.6' 'Iris-versicolor']
 ['6.7' '3.1' '4.7' '1.5' 'Iris-versicolor']
 ['6.3' '2.3' '4.4' '1.3' 'Iris-versicolor']
 ['5.6' '3.0' '4.1' '1.3' 'Iris-versicolor']
 ['5.5' '2.5' '4.0' '1.3' 'Iris-versicolor']
 ['5.5' '2.6' '4.4' '1.2' 'Iris-versicolor']
 ['6.1' '3.0' '4.6' '1.4' 'Iris-versicolor']
 ['5.8' '2.6' '4.0' '1.2' 'Iris-versicolor']
 ['5.0' '2.3' '3.3' '1.0' 'Iris-versicolor']
 ['5.6' '2.7' '4.2' '1.3' 'Iris-versicolor']
 ['5.7' '3.0' '4.2' '1.2' 'Iris-versicolor']
 ['5.7' '2.9' '4.2' '1.3' 'Iris-versicolor']
 ['6.2' '2.9' '4.3' '1.3' 'Iris-versicolor']
 ['5.1' '2.5' '3.0' '1.1' 'Iris-versicolor']
 ['5.7' '2.8' '4.1' '1.3' 'Iris-versicolor']
 ['4.9' '2.5' '4.5' '1.7' 'Iris-virginica']
 ['6.1' '3.0' '4.9' '1.8' 'Iris-virginica']]
Data from cluster 2: 
[['6.4' '2.8' '5.6' '2.1' 'Iris-virginica']
 ['7.2' '3.0' '5.8' '1.6' 'Iris-virginica']
 ['7.4' '2.8' '6.1' '1.9' 'Iris-virginica']
 ['7.9' '3.8' '6.4' '2.0' 'Iris-virginica']
 ['6.4' '2.8' '5.6' '2.2' 'Iris-virginica']
 ['6.3' '2.8' '5.1' '1.5' 'Iris-virginica']
 ['6.1' '2.6' '5.6' '1.4' 'Iris-virginica']
 ['7.7' '3.0' '6.1' '2.3' 'Iris-virginica']
 ['6.3' '3.4' '5.6' '2.4' 'Iris-virginica']
 ['6.4' '3.1' '5.5' '1.8' 'Iris-virginica']
 ['6.9' '3.1' '5.4' '2.1' 'Iris-virginica']
 ['6.7' '3.1' '5.6' '2.4' 'Iris-virginica']
 ['6.9' '3.1' '5.1' '2.3' 'Iris-virginica']
 ['5.8' '2.7' '5.1' '1.9' 'Iris-virginica']
 ['6.8' '3.2' '5.9' '2.3' 'Iris-virginica']
 ['6.7' '3.3' '5.7' '2.5' 'Iris-virginica']
 ['6.7' '3.0' '5.2' '2.3' 'Iris-virginica']
 ['6.3' '2.5' '5.0' '1.9' 'Iris-virginica']
 ['6.5' '3.0' '5.2' '2.0' 'Iris-virginica']
 ['6.2' '3.4' '5.4' '2.3' 'Iris-virginica']
 ['6.3' '2.5' '4.9' '1.5' 'Iris-versicolor']
 ['6.7' '3.0' '5.0' '1.7' 'Iris-versicolor']
 ['6.0' '2.7' '5.1' '1.6' 'Iris-versicolor']
 ['6.3' '3.3' '6.0' '2.5' 'Iris-virginica']
 ['5.8' '2.7' '5.1' '1.9' 'Iris-virginica']
 ['7.1' '3.0' '5.9' '2.1' 'Iris-virginica']
 ['6.3' '2.9' '5.6' '1.8' 'Iris-virginica']
 ['6.5' '3.0' '5.8' '2.2' 'Iris-virginica']
 ['7.6' '3.0' '6.6' '2.1' 'Iris-virginica']
 ['7.3' '2.9' '6.3' '1.8' 'Iris-virginica']
 ['6.7' '2.5' '5.8' '1.8' 'Iris-virginica']
 ['7.2' '3.6' '6.1' '2.5' 'Iris-virginica']
 ['6.5' '3.2' '5.1' '2.0' 'Iris-virginica']
 ['6.4' '2.7' '5.3' '1.9' 'Iris-virginica']
 ['6.8' '3.0' '5.5' '2.1' 'Iris-virginica']
 ['5.7' '2.5' '5.0' '2.0' 'Iris-virginica']
 ['5.8' '2.8' '5.1' '2.4' 'Iris-virginica']
 ['6.4' '3.2' '5.3' '2.3' 'Iris-virginica']
 ['6.5' '3.0' '5.5' '1.8' 'Iris-virginica']
 ['7.7' '3.8' '6.7' '2.2' 'Iris-virginica']
 ['7.7' '2.6' '6.9' '2.3' 'Iris-virginica']
 ['6.0' '2.2' '5.0' '1.5' 'Iris-virginica']
 ['6.9' '3.2' '5.7' '2.3' 'Iris-virginica']
 ['5.6' '2.8' '4.9' '2.0' 'Iris-virginica']
 ['7.7' '2.8' '6.7' '2.0' 'Iris-virginica']
 ['6.3' '2.7' '4.9' '1.8' 'Iris-virginica']
 ['6.7' '3.3' '5.7' '2.1' 'Iris-virginica']
 ['7.2' '3.2' '6.0' '1.8' 'Iris-virginica']
 ['6.2' '2.8' '4.8' '1.8' 'Iris-virginica']]
╒═══════════════════╤═════════════════════════╤══════════════════════════╤════════════════════════╕
│ cluster           │ 0                       │ 1                        │ 2                      │
├───────────────────┼─────────────────────────┼──────────────────────────┼────────────────────────┤
│ center            │ [0.2, 0.59, 0.08, 0.06] │ [0.44, 0.33, 0.55, 0.52] │ [0.65, 0.4, 0.78, 0.8] │
├───────────────────┼─────────────────────────┼──────────────────────────┼────────────────────────┤
│ min dist          │ 0.03                    │ 0.11                     │ 0.1                    │
├───────────────────┼─────────────────────────┼──────────────────────────┼────────────────────────┤
│ max dist          │ 0.67                    │ 0.85                     │ 0.91                   │
├───────────────────┼─────────────────────────┼──────────────────────────┼────────────────────────┤
│ mean dist         │ 0.25                    │ 0.36                     │ 0.41                   │
├───────────────────┼─────────────────────────┼──────────────────────────┼────────────────────────┤
│ mean square error │ 8.250919166477509       │ 10.52271949891929        │ 11.444171831824145     │
╘═══════════════════╧═════════════════════════╧══════════════════════════╧════════════════════════╛