DATASET: data/AccidentsSet01.csv{"type": "root", "height": 1.200377082930605, "nodes": [{"type": "node", "data": [{"type": "node", "data": [{"type": "leaf", "data": "1.00,0.33 ", "height": 0}, {"type": "node", "data": [{"type": "leaf", "data": "1.00,0.50 ", "height": 0}, {"type": "node", "data": [{"type": "node", "data": [{"type": "leaf", "data": "1.00,0.44 ", "height": 0}, {"type": "leaf", "data": "1.00,0.44 ", "height": 0}], "height": 0.0}, {"type": "node", "data": [{"type": "leaf", "data": "1.00,0.39 ", "height": 0}, {"type": "leaf", "data": "1.00,0.39 ", "height": 0}], "height": 0.0}], "height": 0.055555555555555525}], "height": 0.08333333333333334}], "height": 0.125}, {"type": "node", "data": [{"type": "node", "data": [{"type": "leaf", "data": "1.00,0.78 ", "height": 0}, {"type": "leaf", "data": "1.00,0.72 ", "height": 0}], "height": 0.05555555555555558}, {"type": "node", "data": [{"type": "leaf", "data": "1.00,0.61 ", "height": 0}, {"type": "leaf", "data": "1.00,0.56 ", "height": 0}], "height": 0.05555555555555558}], "height": 0.16666666666666663}], "height": 0.27083333333333337}, {"type": "node", "data": [{"type": "leaf", "data": "0.00,1.00 ", "height": 0}, {"type": "node", "data": [{"type": "node", "data": [{"type": "leaf", "data": "0.00,0.22 ", "height": 0}, {"type": "leaf", "data": "0.00,0.22 ", "height": 0}], "height": 0.33333333333333337}, {"type": "node", "data": [{"type": "node", "data": [{"type": "leaf", "data": "0.00,0.17 ", "height": 0}, {"type": "node", "data": [{"type": "leaf", "data": "0.00,0.06 ", "height": 0}, {"type": "leaf", "data": "0.00,0.06 ", "height": 0}], "height": 0.0}], "height": 0.1111111111111111}, {"type": "node", "data": [{"type": "leaf", "data": "0.00,0.17 ", "height": 0}, {"type": "node", "data": [{"type": "leaf", "data": "0.00,0.00 ", "height": 0}, {"type": "leaf", "data": "0.00,0.06 ", "height": 0}], "height": 0.05555555555555555}], "height": 0.1388888888888889}], "height": 0.3455877251653324}], "height": 0.681417575597629}], "height": 0.9305380266888598}]}
 thresh: .7

Data from cluster 0: 
[['5' '15' '1']
 ['5' '14' '1']
 ['5' '12' '1']
 ['5' '11' '1']
 ['5' '10' '1']
 ['5' '9' '1']
 ['5' '9' '1']
 ['5' '8' '1']
 ['5' '8' '1']
 ['5' '7' '1']]
Data from cluster 1: 
[['2' '19' '2']]
Data from cluster 2: 
[['2' '1' '1']
 ['2' '2' '2']
 ['2' '2' '2']
 ['2' '2' '1']
 ['2' '4' '2']
 ['2' '4' '1']
 ['2' '5' '3']
 ['2' '5' '4']]
╒═══════════╤═════════════════════╤══════════════════╤════════════════════╕
│ cluster   │ 0                   │ 1                │ 2                  │
├───────────┼─────────────────────┼──────────────────┼────────────────────┤
│ center    │ [1.0, 0.52, 0.0]    │ [0.0, 1.0, 0.33] │ [0.0, 0.12, 0.33]  │
├───────────┼─────────────────────┼──────────────────┼────────────────────┤
│ min dist  │ 0.02                │ 0.0              │ 0.05               │
├───────────┼─────────────────────┼──────────────────┼────────────────────┤
│ max dist  │ 0.26                │ 0.0              │ 0.77               │
├───────────┼─────────────────────┼──────────────────┼────────────────────┤
│ mean dist │ 0.12                │ 0.0              │ 0.33               │
├───────────┼─────────────────────┼──────────────────┼────────────────────┤
│ SSE       │ 0.19783950617283955 │ 0.0              │ 0.9409722222222222 │
╘═══════════╧═════════════════════╧══════════════════╧════════════════════╛