DATASET: data/AccidentsSet03.csv{"type": "root", "height": 1.4281192267933014, "nodes": [{"type": "leaf", "data": "0.00,0.00 ", "height": 0}, {"type": "node", "data": [{"type": "node", "data": [{"type": "node", "data": [{"type": "leaf", "data": "0.00,0.00 ", "height": 0}, {"type": "leaf", "data": "0.00,0.00 ", "height": 0}], "height": 0.3333333333333333}, {"type": "node", "data": [{"type": "node", "data": [{"type": "node", "data": [{"type": "leaf", "data": "0.22,0.00 ", "height": 0}, {"type": "node", "data": [{"type": "node", "data": [{"type": "node", "data": [{"type": "leaf", "data": "0.00,0.00 ", "height": 0}, {"type": "leaf", "data": "0.00,0.00 ", "height": 0}], "height": 0.0}, {"type": "node", "data": [{"type": "leaf", "data": "0.00,0.00 ", "height": 0}, {"type": "leaf", "data": "0.00,0.00 ", "height": 0}], "height": 0.0}], "height": 0.0}, {"type": "node", "data": [{"type": "node", "data": [{"type": "leaf", "data": "0.00,0.00 ", "height": 0}, {"type": "leaf", "data": "0.00,0.00 ", "height": 0}], "height": 0.0}, {"type": "node", "data": [{"type": "leaf", "data": "0.00,0.00 ", "height": 0}, {"type": "node", "data": [{"type": "leaf", "data": "0.00,0.00 ", "height": 0}, {"type": "leaf", "data": "0.00,0.00 ", "height": 0}], "height": 0.0}], "height": 0.0}], "height": 0.0}], "height": 0.0}], "height": 0.2222222222222222}, {"type": "node", "data": [{"type": "node", "data": [{"type": "leaf", "data": "0.33,0.00 ", "height": 0}, {"type": "leaf", "data": "0.33,0.00 ", "height": 0}], "height": 0.0}, {"type": "node", "data": [{"type": "leaf", "data": "0.00,0.00 ", "height": 0}, {"type": "node", "data": [{"type": "leaf", "data": "0.22,0.00 ", "height": 0}, {"type": "node", "data": [{"type": "leaf", "data": "0.11,0.00 ", "height": 0}, {"type": "leaf", "data": "0.11,0.00 ", "height": 0}], "height": 0.0}], "height": 0.1111111111111111}], "height": 0.16666666666666666}], "height": 0.25}], "height": 0.38722835094360686}, {"type": "node", "data": [{"type": "node", "data": [{"type": "leaf", "data": "0.22,0.50 ", "height": 0}, {"type": "node", "data": [{"type": "leaf", "data": "0.00,0.50 ", "height": 0}, {"type": "node", "data": [{"type": "leaf", "data": "0.00,0.50 ", "height": 0}, {"type": "leaf", "data": "0.00,0.50 ", "height": 0}], "height": 0.0}], "height": 0.0}], "height": 0.2222222222222222}, {"type": "node", "data": [{"type": "leaf", "data": "0.11,0.50 ", "height": 0}, {"type": "node", "data": [{"type": "node", "data": [{"type": "leaf", "data": "0.00,0.50 ", "height": 0}, {"type": "leaf", "data": "0.00,0.50 ", "height": 0}], "height": 0.0}, {"type": "node", "data": [{"type": "leaf", "data": "0.22,0.50 ", "height": 0}, {"type": "leaf", "data": "0.11,0.50 ", "height": 0}], "height": 0.1111111111111111}], "height": 0.16666666666666666}], "height": 0.3468564716806983}], "height": 0.519467426313295}], "height": 0.6171297964080988}], "height": 0.7441976746554988}, {"type": "node", "data": [{"type": "node", "data": [{"type": "leaf", "data": "0.00,1.00 ", "height": 0}, {"type": "node", "data": [{"type": "node", "data": [{"type": "node", "data": [{"type": "node", "data": [{"type": "leaf", "data": "0.00,0.50 ", "height": 0}, {"type": "leaf", "data": "0.00,0.50 ", "height": 0}], "height": 0.0}, {"type": "node", "data": [{"type": "leaf", "data": "0.00,0.50 ", "height": 0}, {"type": "leaf", "data": "0.00,0.50 ", "height": 0}], "height": 0.0}], "height": 0.0}, {"type": "node", "data": [{"type": "node", "data": [{"type": "leaf", "data": "0.00,0.50 ", "height": 0}, {"type": "leaf", "data": "0.00,0.50 ", "height": 0}], "height": 0.0}, {"type": "node", "data": [{"type": "leaf", "data": "0.00,0.50 ", "height": 0}, {"type": "node", "data": [{"type": "leaf", "data": "0.00,0.50 ", "height": 0}, {"type": "leaf", "data": "0.00,0.50 ", "height": 0}], "height": 0.0}], "height": 0.0}], "height": 0.0}], "height": 0.0}, {"type": "node", "data": [{"type": "node", "data": [{"type": "leaf", "data": "0.00,0.50 ", "height": 0}, {"type": "leaf", "data": "0.00,0.50 ", "height": 0}], "height": 0.0}, {"type": "node", "data": [{"type": "node", "data": [{"type": "node", "data": [{"type": "leaf", "data": "0.00,0.50 ", "height": 0}, {"type": "leaf", "data": "0.00,0.50 ", "height": 0}], "height": 0.0}, {"type": "node", "data": [{"type": "leaf", "data": "0.00,0.50 ", "height": 0}, {"type": "leaf", "data": "0.00,0.50 ", "height": 0}], "height": 0.0}], "height": 0.0}, {"type": "node", "data": [{"type": "node", "data": [{"type": "leaf", "data": "0.00,0.50 ", "height": 0}, {"type": "leaf", "data": "0.00,0.50 ", "height": 0}], "height": 0.0}, {"type": "node", "data": [{"type": "leaf", "data": "0.00,0.50 ", "height": 0}, {"type": "node", "data": [{"type": "leaf", "data": "0.00,0.50 ", "height": 0}, {"type": "leaf", "data": "0.00,0.50 ", "height": 0}], "height": 0.0}], "height": 0.0}], "height": 0.0}], "height": 0.0}], "height": 0.3333333333333333}], "height": 0.5}], "height": 0.6918979698109995}, {"type": "node", "data": [{"type": "leaf", "data": "1.00,0.00 ", "height": 0}, {"type": "node", "data": [{"type": "node", "data": [{"type": "leaf", "data": "0.00,0.00 ", "height": 0}, {"type": "leaf", "data": "0.11,0.00 ", "height": 0}], "height": 0.1111111111111111}, {"type": "node", "data": [{"type": "node", "data": [{"type": "node", "data": [{"type": "leaf", "data": "0.22,0.00 ", "height": 0}, {"type": "node", "data": [{"type": "leaf", "data": "0.22,0.00 ", "height": 0}, {"type": "leaf", "data": "0.22,0.00 ", "height": 0}], "height": 0.0}], "height": 0.0}, {"type": "node", "data": [{"type": "leaf", "data": "0.44,0.00 ", "height": 0}, {"type": "leaf", "data": "0.33,0.00 ", "height": 0}], "height": 0.1111111111111111}], "height": 0.16666666666666666}, {"type": "node", "data": [{"type": "leaf", "data": "0.22,0.00 ", "height": 0}, {"type": "node", "data": [{"type": "leaf", "data": "0.00,0.00 ", "height": 0}, {"type": "node", "data": [{"type": "leaf", "data": "0.44,0.00 ", "height": 0}, {"type": "node", "data": [{"type": "leaf", "data": "0.22,0.00 ", "height": 0}, {"type": "leaf", "data": "0.22,0.00 ", "height": 0}], "height": 0.0}], "height": 0.2222222222222222}], "height": 0.3333333333333333}], "height": 0.3837959396219991}], "height": 0.5440207188380666}], "height": 0.6561417063562646}], "height": 0.9626990561281683}], "height": 1.1431766894629227}], "height": 1.3231920152278818}]}
 thresh: 1

Data from cluster 0: 
[['1.00' ' 0.00' ' 4.00' ' 3.00' ' 3.00']]
Data from cluster 1: 
[['3.00' ' 0.00' ' 2.00' ' 1.00' ' 0.00']
 ['2.00' ' 0.00' ' 2.00' ' 1.00' ' 0.00']
 ['3.00' ' 0.00' ' 2.00' ' 1.00' ' 1.00']
 ['4.00' ' 0.00' ' 2.00' ' 1.00' ' 0.00']
 ['2.00' ' 0.00' ' 2.00' ' 1.00' ' 0.00']
 ['3.00' ' 1.00' ' 2.00' ' 1.00' ' 0.00']
 ['3.00' ' 1.00' ' 2.00' ' 1.00' ' 1.00']
 ['4.00' ' 0.00' ' 2.00' ' 1.00' ' 0.00']
 ['1.00' ' 0.00' ' 2.00' ' 1.00' ' 0.00']
 ['1.00' ' 1.00' ' 2.00' ' 1.00' ' 1.00']
 ['1.00' ' 0.00' ' 2.00' ' 1.00' ' 1.00']
 ['1.00' ' 0.00' ' 2.00' ' 1.00' ' 1.00']
 ['1.00' ' 0.00' ' 2.00' ' 1.00' ' 1.00']
 ['1.00' ' 0.00' ' 2.00' ' 1.00' ' 1.00']
 ['1.00' ' 0.00' ' 2.00' ' 1.00' ' 1.00']
 ['1.00' ' 0.00' ' 2.00' ' 2.00' ' 2.00']
 ['2.00' ' 1.00' ' 2.00' ' 1.00' ' 2.00']
 ['1.00' ' 0.00' ' 2.00' ' 1.00' ' 1.00']
 ['1.00' ' 0.00' ' 2.00' ' 1.00' ' 1.00']
 ['2.00' ' 1.00' ' 2.00' ' 1.00' ' 1.00']
 ['1.00' ' 0.00' ' 2.00' ' 2.00' ' 1.00']
 ['1.00' ' 1.00' ' 2.00' ' 1.00' ' 1.00']
 ['1.00' ' 0.00' ' 2.00' ' 1.00' ' 1.00']
 ['1.00' ' 0.00' ' 2.00' ' 1.00' ' 1.00']
 ['1.00' ' 1.00' ' 2.00' ' 1.00' ' 0.00']
 ['1.00' ' 1.00' ' 2.00' ' 1.00' ' 0.00']
 ['1.00' ' 1.00' ' 2.00' ' 1.00' ' 0.00']]
Data from cluster 2: 
[['1.00' ' 1.00' ' 4.00' ' 1.00' ' 0.00']
 ['1.00' ' 1.00' ' 4.00' ' 1.00' ' 1.00']
 ['1.00' ' 1.00' ' 4.00' ' 1.00' ' 2.00']
 ['1.00' ' 1.00' ' 4.00' ' 1.00' ' 2.00']
 ['1.00' ' 1.00' ' 4.00' ' 1.00' ' 0.00']
 ['1.00' ' 1.00' ' 4.00' ' 1.00' ' 1.00']
 ['1.00' ' 1.00' ' 4.00' ' 1.00' ' 1.00']
 ['1.00' ' 1.00' ' 4.00' ' 1.00' ' 0.00']
 ['1.00' ' 2.00' ' 4.00' ' 1.00' ' 2.00']
 ['1.00' ' 1.00' ' 4.00' ' 1.00' ' 1.00']
 ['1.00' ' 1.00' ' 4.00' ' 1.00' ' 0.00']
 ['1.00' ' 1.00' ' 4.00' ' 1.00' ' 1.00']
 ['1.00' ' 1.00' ' 4.00' ' 1.00' ' 0.00']
 ['1.00' ' 1.00' ' 4.00' ' 1.00' ' 1.00']
 ['1.00' ' 1.00' ' 4.00' ' 1.00' ' 1.00']
 ['1.00' ' 1.00' ' 4.00' ' 1.00' ' 0.00']
 ['1.00' ' 1.00' ' 4.00' ' 1.00' ' 0.00']
 ['1.00' ' 1.00' ' 4.00' ' 1.00' ' 0.00']
 ['1.00' ' 1.00' ' 4.00' ' 1.00' ' 1.00']
 ['1.00' ' 1.00' ' 4.00' ' 1.00' ' 0.00']
 ['1.00' ' 1.00' ' 4.00' ' 1.00' ' 1.00']]
Data from cluster 3: 
[['5.00' ' 0.00' ' 4.00' ' 1.00' ' 1.00']
 ['5.00' ' 0.00' ' 4.00' ' 1.00' ' 0.00']
 ['4.00' ' 0.00' ' 4.00' ' 1.00' ' 0.00']
 ['10.00' ' 0.00' ' 4.00' ' 1.00' ' 1.00']
 ['1.00' ' 0.00' ' 4.00' ' 2.00' ' 0.00']
 ['3.00' ' 0.00' ' 4.00' ' 1.00' ' 1.00']
 ['3.00' ' 0.00' ' 4.00' ' 1.00' ' 0.00']
 ['2.00' ' 0.00' ' 4.00' ' 2.00' ' 0.00']
 ['3.00' ' 0.00' ' 4.00' ' 1.00' ' 0.00']
 ['3.00' ' 0.00' ' 4.00' ' 1.00' ' 1.00']
 ['1.00' ' 0.00' ' 4.00' ' 1.00' ' 1.00']
 ['3.00' ' 0.00' ' 4.00' ' 1.00' ' 0.00']
 ['3.00' ' 0.00' ' 4.00' ' 1.00' ' 2.00']]
╒═══════════╤═══════════════════════════╤═══════════════════════════════╤═════════════════════════════╤══════════════════════════════╕
│ cluster   │ 0                         │ 1                             │ 2                           │ 3                            │
├───────────┼───────────────────────────┼───────────────────────────────┼─────────────────────────────┼──────────────────────────────┤
│ center    │ [0.0, 0.0, 1.0, 1.0, 1.0] │ [0.07, 0.17, 0.0, 0.04, 0.23] │ [0.0, 0.52, 1.0, 0.0, 0.24] │ [0.28, 0.0, 1.0, 0.08, 0.18] │
├───────────┼───────────────────────────┼───────────────────────────────┼─────────────────────────────┼──────────────────────────────┤
│ min dist  │ 0.0                       │ 0.38                          │ 0.12                        │ 0.29                         │
├───────────┼───────────────────────────┼───────────────────────────────┼─────────────────────────────┼──────────────────────────────┤
│ max dist  │ 0.0                       │ 1.14                          │ 0.9                         │ 0.95                         │
├───────────┼───────────────────────────┼───────────────────────────────┼─────────────────────────────┼──────────────────────────────┤
│ mean dist │ 0.0                       │ 0.56                          │ 0.25                        │ 0.49                         │
├───────────┼───────────────────────────┼───────────────────────────────┼─────────────────────────────┼──────────────────────────────┤
│ SSE       │ 0.0                       │ 3.3539094650205756            │ 1.3809523809523814          │ 1.784900284900285            │
╘═══════════╧═══════════════════════════╧═══════════════════════════════╧═════════════════════════════╧══════════════════════════════╛