DATASET: data/many_clusters.csv{"type": "root", "height": 0.6881920820860377, "nodes": [{"type": "node", "data": [{"type": "node", "data": [{"type": "node", "data": [{"type": "node", "data": [{"type": "leaf", "data": "0.15,0.83 ", "height": 0}, {"type": "leaf", "data": "0.21,0.73 ", "height": 0}], "height": 0.12216765604196392}, {"type": "node", "data": [{"type": "leaf", "data": "0.00,0.77 ", "height": 0}, {"type": "node", "data": [{"type": "node", "data": [{"type": "leaf", "data": "0.15,0.69 ", "height": 0}, {"type": "leaf", "data": "0.13,0.65 ", "height": 0}], "height": 0.046784662418293446}, {"type": "node", "data": [{"type": "leaf", "data": "0.04,0.67 ", "height": 0}, {"type": "node", "data": [{"type": "node", "data": [{"type": "leaf", "data": "0.06,0.75 ", "height": 0}, {"type": "node", "data": [{"type": "leaf", "data": "0.09,0.73 ", "height": 0}, {"type": "leaf", "data": "0.06,0.71 ", "height": 0}], "height": 0.02977786601253263}], "height": 0.03572226633959967}, {"type": "node", "data": [{"type": "leaf", "data": "0.11,0.75 ", "height": 0}, {"type": "leaf", "data": "0.11,0.71 ", "height": 0}], "height": 0.04166666666666663}], "height": 0.04573531282104331}], "height": 0.08210001252479493}], "height": 0.09253460758619605}], "height": 0.13989985075759717}], "height": 0.1668210199041757}, {"type": "node", "data": [{"type": "node", "data": [{"type": "leaf", "data": "0.13,0.46 ", "height": 0}, {"type": "leaf", "data": "0.17,0.35 ", "height": 0}], "height": 0.11252319116686446}, {"type": "node", "data": [{"type": "leaf", "data": "0.17,0.56 ", "height": 0}, {"type": "leaf", "data": "0.32,0.52 ", "height": 0}], "height": 0.15465475714880908}], "height": 0.1864510677884573}], "height": 0.3123258369167496}, {"type": "node", "data": [{"type": "node", "data": [{"type": "node", "data": [{"type": "leaf", "data": "0.09,0.27 ", "height": 0}, {"type": "leaf", "data": "0.04,0.15 ", "height": 0}], "height": 0.13204459135432348}, {"type": "node", "data": [{"type": "node", "data": [{"type": "leaf", "data": "0.19,0.19 ", "height": 0}, {"type": "leaf", "data": "0.28,0.17 ", "height": 0}], "height": 0.08761919995924934}, {"type": "node", "data": [{"type": "leaf", "data": "0.23,0.00 ", "height": 0}, {"type": "node", "data": [{"type": "leaf", "data": "0.21,0.10 ", "height": 0}, {"type": "node", "data": [{"type": "leaf", "data": "0.15,0.04 ", "height": 0}, {"type": "node", "data": [{"type": "node", "data": [{"type": "leaf", "data": "0.13,0.08 ", "height": 0}, {"type": "node", "data": [{"type": "leaf", "data": "0.13,0.12 ", "height": 0}, {"type": "leaf", "data": "0.15,0.10 ", "height": 0}], "height": 0.02977786601253268}], "height": 0.035722266339599684}, {"type": "node", "data": [{"type": "leaf", "data": "0.17,0.12 ", "height": 0}, {"type": "leaf", "data": "0.17,0.08 ", "height": 0}], "height": 0.04166666666666667}], "height": 0.045735312821043324}], "height": 0.06345731215498425}], "height": 0.07692959577890648}], "height": 0.10996007072400418}], "height": 0.14856186205040994}], "height": 0.20718154580995557}, {"type": "node", "data": [{"type": "leaf", "data": "0.51,0.04 ", "height": 0}, {"type": "node", "data": [{"type": "node", "data": [{"type": "leaf", "data": "0.60,0.42 ", "height": 0}, {"type": "leaf", "data": "0.60,0.33 ", "height": 0}], "height": 0.08333333333333337}, {"type": "node", "data": [{"type": "leaf", "data": "0.43,0.38 ", "height": 0}, {"type": "leaf", "data": "0.38,0.25 ", "height": 0}], "height": 0.1320445913543235}], "height": 0.21231312788764917}], "height": 0.3191819435797114}], "height": 0.40597351301419593}], "height": 0.5223759470156164}, {"type": "node", "data": [{"type": "node", "data": [{"type": "leaf", "data": "1.00,0.38 ", "height": 0}, {"type": "node", "data": [{"type": "node", "data": [{"type": "leaf", "data": "0.87,0.15 ", "height": 0}, {"type": "node", "data": [{"type": "node", "data": [{"type": "leaf", "data": "0.85,0.10 ", "height": 0}, {"type": "leaf", "data": "0.85,0.08 ", "height": 0}], "height": 0.020833333333333343}, {"type": "node", "data": [{"type": "leaf", "data": "0.83,0.12 ", "height": 0}, {"type": "leaf", "data": "0.81,0.10 ", "height": 0}], "height": 0.0297778660125327}], "height": 0.041623765045667546}], "height": 0.05910299222478224}, {"type": "node", "data": [{"type": "leaf", "data": "0.87,0.29 ", "height": 0}, {"type": "node", "data": [{"type": "leaf", "data": "0.77,0.31 ", "height": 0}, {"type": "leaf", "data": "0.77,0.21 ", "height": 0}], "height": 0.10416666666666666}], "height": 0.12176994028934754}], "height": 0.1678418248274301}], "height": 0.24930919909987398}, {"type": "node", "data": [{"type": "node", "data": [{"type": "node", "data": [{"type": "leaf", "data": "0.74,0.92 ", "height": 0}, {"type": "node", "data": [{"type": "leaf", "data": "0.85,0.75 ", "height": 0}, {"type": "node", "data": [{"type": "node", "data": [{"type": "leaf", "data": "0.87,0.83 ", "height": 0}, {"type": "leaf", "data": "0.87,0.81 ", "height": 0}], "height": 0.02083333333333337}, {"type": "node", "data": [{"type": "leaf", "data": "0.83,0.88 ", "height": 0}, {"type": "node", "data": [{"type": "leaf", "data": "0.79,0.81 ", "height": 0}, {"type": "node", "data": [{"type": "leaf", "data": "0.79,0.85 ", "height": 0}, {"type": "leaf", "data": "0.81,0.83 ", "height": 0}], "height": 0.029777866012532576}], "height": 0.03572226633959964}], "height": 0.06134650326548511}], "height": 0.07496683942652878}], "height": 0.09435695022220678}], "height": 0.16303521514613417}, {"type": "node", "data": [{"type": "leaf", "data": "0.91,0.60 ", "height": 0}, {"type": "node", "data": [{"type": "node", "data": [{"type": "node", "data": [{"type": "node", "data": [{"type": "leaf", "data": "0.77,0.50 ", "height": 0}, {"type": "leaf", "data": "0.72,0.48 ", "height": 0}], "height": 0.047379340262482104}, {"type": "node", "data": [{"type": "node", "data": [{"type": "leaf", "data": "0.70,0.54 ", "height": 0}, {"type": "leaf", "data": "0.72,0.52 ", "height": 0}], "height": 0.029777866012532652}, {"type": "node", "data": [{"type": "leaf", "data": "0.66,0.54 ", "height": 0}, {"type": "leaf", "data": "0.68,0.50 ", "height": 0}], "height": 0.04678466241829346}], "height": 0.05096521063445114}], "height": 0.07092062338442078}, {"type": "node", "data": [{"type": "leaf", "data": "0.81,0.46 ", "height": 0}, {"type": "leaf", "data": "0.74,0.42 ", "height": 0}], "height": 0.07622567054119135}], "height": 0.10241501249636434}, {"type": "node", "data": [{"type": "leaf", "data": "0.68,0.60 ", "height": 0}, {"type": "node", "data": [{"type": "leaf", "data": "0.74,0.73 ", "height": 0}, {"type": "leaf", "data": "0.74,0.67 ", "height": 0}], "height": 0.0625}], "height": 0.11484379264623923}], "height": 0.19102483581745608}], "height": 0.2171198722699475}], "height": 0.29684825358761174}, {"type": "node", "data": [{"type": "node", "data": [{"type": "node", "data": [{"type": "leaf", "data": "0.60,0.60 ", "height": 0}, {"type": "leaf", "data": "0.53,0.56 ", "height": 0}], "height": 0.07622567054119135}, {"type": "node", "data": [{"type": "leaf", "data": "0.49,0.75 ", "height": 0}, {"type": "leaf", "data": "0.49,0.67 ", "height": 0}], "height": 0.08333333333333337}], "height": 0.1521718814902583}, {"type": "node", "data": [{"type": "leaf", "data": "0.45,1.00 ", "height": 0}, {"type": "node", "data": [{"type": "node", "data": [{"type": "leaf", "data": "0.49,0.88 ", "height": 0}, {"type": "node", "data": [{"type": "node", "data": [{"type": "leaf", "data": "0.43,0.90 ", "height": 0}, {"type": "leaf", "data": "0.45,0.88 ", "height": 0}], "height": 0.02977786601253269}, {"type": "node", "data": [{"type": "leaf", "data": "0.40,0.88 ", "height": 0}, {"type": "leaf", "data": "0.43,0.85 ", "height": 0}], "height": 0.029777866012532732}], "height": 0.03594389754527347}], "height": 0.06548671780085481}, {"type": "node", "data": [{"type": "leaf", "data": "0.34,0.90 ", "height": 0}, {"type": "leaf", "data": "0.36,0.79 ", "height": 0}], "height": 0.10631739260782797}], "height": 0.12443404096806951}], "height": 0.15841627823419355}], "height": 0.31047186237360264}], "height": 0.4026284039666168}], "height": 0.5761414165364891}]}
 thresh: .25

Data from cluster 0: 
[['10' '41']
 ['3' '38']
 ['6' '37']
 ['8' '37']
 ['7' '36']
 ['13' '36']
 ['6' '35']
 ['8' '35']
 ['10' '34']
 ['5' '33']
 ['9' '32']]
Data from cluster 1: 
[['11' '18']
 ['11' '28']
 ['9' '23']
 ['18' '26']]
Data from cluster 2: 
[['13' '6']
 ['9' '5']
 ['11' '5']
 ['10' '3']
 ['14' '1']
 ['7' '14']
 ['12' '10']
 ['16' '9']
 ['5' '8']
 ['9' '7']
 ['11' '7']
 ['10' '6']]
Data from cluster 3: 
[['27' '3']]
Data from cluster 4: 
[['31' '17']
 ['31' '21']
 ['21' '13']
 ['23' '19']]
Data from cluster 5: 
[['41' '6']
 ['43' '6']
 ['43' '5']
 ['50' '19']
 ['39' '16']
 ['44' '15']
 ['39' '11']
 ['44' '8']
 ['42' '7']]
Data from cluster 6: 
[['38' '45']
 ['42' '43']
 ['40' '42']
 ['41' '41']
 ['44' '41']
 ['40' '40']
 ['44' '40']
 ['43' '37']]
Data from cluster 7: 
[['35' '30']
 ['46' '30']
 ['34' '27']
 ['36' '27']
 ['37' '26']
 ['35' '25']
 ['39' '25']
 ['37' '24']
 ['41' '23']
 ['38' '21']
 ['38' '36']
 ['38' '33']]
Data from cluster 8: 
[['26' '37']
 ['28' '28']
 ['26' '33']
 ['31' '30']]
Data from cluster 9: 
[['24' '49']
 ['19' '44']
 ['23' '44']
 ['22' '43']
 ['24' '43']
 ['26' '43']
 ['23' '42']
 ['20' '39']]
╒═══════════════════╤═════════════════════╤════════════════════╤════════════════════╤══════════════╤══════════════════════╤═════════════════════╤════════════════════╤═════════════════════╤══════════════════════╤═════════════════════╕
│ cluster           │ 0                   │ 1                  │ 2                  │ 3            │ 4                    │ 5                   │ 6                  │ 7                   │ 8                    │ 9                   │
├───────────────────┼─────────────────────┼────────────────────┼────────────────────┼──────────────┼──────────────────────┼─────────────────────┼────────────────────┼─────────────────────┼──────────────────────┼─────────────────────┤
│ center            │ [0.1, 0.73]         │ [0.2, 0.47]        │ [0.16, 0.12]       │ [0.51, 0.04] │ [0.5, 0.34]          │ [0.85, 0.19]        │ [0.82, 0.84]       │ [0.74, 0.55]        │ [0.53, 0.65]         │ [0.42, 0.88]        │
├───────────────────┼─────────────────────┼────────────────────┼────────────────────┼──────────────┼──────────────────────┼─────────────────────┼────────────────────┼─────────────────────┼──────────────────────┼─────────────────────┤
│ min dist          │ 0.02                │ 0.08               │ 0.01               │ 0.0          │ 0.11                 │ 0.07                │ 0.01               │ 0.04                │ 0.06                 │ 0.02                │
├───────────────────┼─────────────────────┼────────────────────┼────────────────────┼──────────────┼──────────────────────┼─────────────────────┼────────────────────┼─────────────────────┼──────────────────────┼─────────────────────┤
│ max dist          │ 0.16                │ 0.17               │ 0.23               │ 0.0          │ 0.21                 │ 0.33                │ 0.16               │ 0.23                │ 0.14                 │ 0.15                │
├───────────────────┼─────────────────────┼────────────────────┼────────────────────┼──────────────┼──────────────────────┼─────────────────────┼────────────────────┼─────────────────────┼──────────────────────┼─────────────────────┤
│ mean dist         │ 0.08                │ 0.13               │ 0.1                │ 0.0          │ 0.15                 │ 0.14                │ 0.07               │ 0.12                │ 0.1                  │ 0.07                │
├───────────────────┼─────────────────────┼────────────────────┼────────────────────┼──────────────┼──────────────────────┼─────────────────────┼────────────────────┼─────────────────────┼──────────────────────┼─────────────────────┤
│ mean square error │ 0.06123890986597529 │ 0.0457944987519491 │ 0.0987068860501232 │ 0.0          │ 0.052764534920275635 │ 0.13164972209647405 │ 0.0313590227085534 │ 0.14010633778796333 │ 0.027547894346360846 │ 0.03962362679034003 │
╘═══════════════════╧═════════════════════╧════════════════════╧════════════════════╧══════════════╧══════════════════════╧═════════════════════╧════════════════════╧═════════════════════╧══════════════════════╧═════════════════════╛