DATASET: data/4clusters.csv{"type": "root", "height": 0.6981166591113603, "nodes": [{"type": "node", "data": [{"type": "node", "data": [{"type": "node", "data": [{"type": "leaf", "data": "0.51,0.44 ", "height": 0}, {"type": "leaf", "data": "0.41,0.36 ", "height": 0}], "height": 0.13215082133389933}, {"type": "node", "data": [{"type": "leaf", "data": "0.67,0.50 ", "height": 0}, {"type": "node", "data": [{"type": "node", "data": [{"type": "leaf", "data": "0.82,0.33 ", "height": 0}, {"type": "node", "data": [{"type": "leaf", "data": "0.85,0.42 ", "height": 0}, {"type": "leaf", "data": "0.79,0.39 ", "height": 0}], "height": 0.05832198317929996}], "height": 0.07418809150935798}, {"type": "node", "data": [{"type": "leaf", "data": "0.72,0.39 ", "height": 0}, {"type": "leaf", "data": "0.74,0.31 ", "height": 0}], "height": 0.08718891351753488}], "height": 0.10675261962595858}], "height": 0.18551772536196476}], "height": 0.2757054930580324}, {"type": "node", "data": [{"type": "node", "data": [{"type": "node", "data": [{"type": "leaf", "data": "0.87,0.00 ", "height": 0}, {"type": "leaf", "data": "0.92,0.00 ", "height": 0}], "height": 0.05128205128205132}, {"type": "node", "data": [{"type": "leaf", "data": "0.82,0.11 ", "height": 0}, {"type": "node", "data": [{"type": "leaf", "data": "0.72,0.06 ", "height": 0}, {"type": "leaf", "data": "0.79,0.03 ", "height": 0}], "height": 0.08178486841454968}], "height": 0.10191643993806734}], "height": 0.14202822859236275}, {"type": "node", "data": [{"type": "node", "data": [{"type": "leaf", "data": "0.64,0.11 ", "height": 0}, {"type": "leaf", "data": "0.59,0.06 ", "height": 0}], "height": 0.07560600860236812}, {"type": "node", "data": [{"type": "leaf", "data": "0.64,0.25 ", "height": 0}, {"type": "node", "data": [{"type": "leaf", "data": "0.51,0.19 ", "height": 0}, {"type": "leaf", "data": "0.51,0.19 ", "height": 0}], "height": 0.0}], "height": 0.13972463866898996}], "height": 0.1629146530137526}], "height": 0.28478288544663877}], "height": 0.3919823994389877}, {"type": "node", "data": [{"type": "node", "data": [{"type": "node", "data": [{"type": "leaf", "data": "0.82,0.92 ", "height": 0}, {"type": "leaf", "data": "0.82,0.83 ", "height": 0}], "height": 0.08333333333333326}, {"type": "node", "data": [{"type": "node", "data": [{"type": "node", "data": [{"type": "leaf", "data": "0.92,0.94 ", "height": 0}, {"type": "leaf", "data": "0.97,0.94 ", "height": 0}], "height": 0.05128205128205121}, {"type": "node", "data": [{"type": "leaf", "data": "0.90,1.00 ", "height": 0}, {"type": "leaf", "data": "0.85,0.97 ", "height": 0}], "height": 0.05832198317929996}], "height": 0.09225980185875768}, {"type": "node", "data": [{"type": "leaf", "data": "1.00,0.86 ", "height": 0}, {"type": "node", "data": [{"type": "leaf", "data": "0.90,0.89 ", "height": 0}, {"type": "leaf", "data": "0.92,0.83 ", "height": 0}], "height": 0.061187269501180926}], "height": 0.0940219930070883}], "height": 0.12824802312418843}], "height": 0.1408365643927198}, {"type": "node", "data": [{"type": "node", "data": [{"type": "leaf", "data": "0.33,0.81 ", "height": 0}, {"type": "leaf", "data": "0.49,0.81 ", "height": 0}], "height": 0.15384615384615385}, {"type": "node", "data": [{"type": "node", "data": [{"type": "leaf", "data": "0.08,0.69 ", "height": 0}, {"type": "node", "data": [{"type": "leaf", "data": "0.18,0.72 ", "height": 0}, {"type": "leaf", "data": "0.15,0.69 ", "height": 0}], "height": 0.03780300430118405}], "height": 0.09159109726135195}, {"type": "node", "data": [{"type": "node", "data": [{"type": "leaf", "data": "0.00,0.78 ", "height": 0}, {"type": "node", "data": [{"type": "leaf", "data": "0.03,0.83 ", "height": 0}, {"type": "leaf", "data": "0.08,0.81 ", "height": 0}], "height": 0.05832198317929993}], "height": 0.07148606895786538}, {"type": "node", "data": [{"type": "node", "data": [{"type": "leaf", "data": "0.10,0.92 ", "height": 0}, {"type": "leaf", "data": "0.05,0.89 ", "height": 0}], "height": 0.05832198317929992}, {"type": "node", "data": [{"type": "leaf", "data": "0.18,0.86 ", "height": 0}, {"type": "leaf", "data": "0.15,0.81 ", "height": 0}], "height": 0.061187269501181016}], "height": 0.12014810746389026}], "height": 0.1347125394201727}], "height": 0.1630678786694983}], "height": 0.3248960649452304}], "height": 0.6361938249634447}]}
 thresh: .35

Data from cluster 0: 
[['32' '27']
 ['26' '25']
 ['39' '24']
 ['34' '23']
 ['37' '23']
 ['22' '22']
 ['38' '21']
 ['35' '20']]
Data from cluster 1: 
[['26' '16']
 ['38' '13']
 ['29' '11']
 ['34' '11']
 ['37' '10']
 ['40' '9']
 ['42' '9']
 ['31' '18']
 ['26' '16']
 ['31' '13']]
Data from cluster 2: 
[['41' '45']
 ['39' '44']
 ['42' '43']
 ['44' '43']
 ['38' '42']
 ['41' '41']
 ['45' '40']
 ['38' '39']
 ['42' '39']]
Data from cluster 3: 
[['10' '42']
 ['8' '41']
 ['13' '40']
 ['7' '39']
 ['9' '38']
 ['12' '38']
 ['19' '38']
 ['25' '38']
 ['6' '37']
 ['13' '35']
 ['9' '34']
 ['12' '34']]
-----------------  -------------------  -------------------  -------------------  -------------------
cluster            0                    1                    2                    3
center             [0.69, 0.39]         [0.7, 0.1]           [0.9, 0.91]          [0.15, 0.8]
min dist           0.03                 0.06                 0.02                 0.01
max dist           0.31                 0.32                 0.16                 0.34
mean dist          0.17                 0.2                  0.1                  0.15
mean square error  0.13933860839447015  0.14912260034285146  0.07761594060660192  0.12720523725418872
-----------------  -------------------  -------------------  -------------------  -------------------