Number of points in cluster 0: 10
Center 0: (9.9, 37.8)
Max Dist. to Center:  4.342
Min Dist. to Center:  0.922
Avg Dist. to Center:  3.43
SSE:  128.5
SSE per points in cluster:  12.85
Points:
(10, 42)
(8, 41)
(13, 40)
(7, 39)
(9, 38)
(12, 38)
(6, 37)
(13, 35)
(9, 34)
(12, 34)
----------------------------------------
Number of points in cluster 1: 18
Center 1: (33.166666666666664, 17.27777777777778)
Max Dist. to Center:  12.124
Min Dist. to Center:  2.284
Avg Dist. to Center:  7.579
SSE:  1164.1111111111109
SSE per points in cluster:  64.673
Points:
(32, 27)
(26, 25)
(39, 24)
(34, 23)
(37, 23)
(22, 22)
(38, 21)
(35, 20)
(31, 18)
(26, 16)
(31, 13)
(26, 16)
(38, 13)
(29, 11)
(34, 11)
(37, 10)
(40, 9)
(42, 9)
----------------------------------------
Number of points in cluster 2: 9
Center 2: (41.111111111111114, 41.77777777777778)
Max Dist. to Center:  4.276
Min Dist. to Center:  0.786
Avg Dist. to Center:  2.912
SSE:  86.44444444444443
SSE per points in cluster:  9.605
Points:
(41, 45)
(39, 44)
(42, 43)
(44, 43)
(38, 42)
(41, 41)
(45, 40)
(38, 39)
(42, 39)
----------------------------------------
Number of points in cluster 3: 2
Center 3: (22.0, 38.0)
Max Dist. to Center:  3.0
Min Dist. to Center:  3.0
Avg Dist. to Center:  3.0
SSE:  18.0
SSE per points in cluster:  9.0
Points:
(19, 38)
(25, 38)
----------------------------------------
╒══════════╤═════════════╤════════════════════╤═══════════════════╤══════════════╕
│ cluster  │ 0           │ 1                  │ 2                 │ 3            │
├──────────┼─────────────┼────────────────────┼───────────────────┼──────────────┤
│ center   │ (9.9, 37.8) │ (33.167, 17.278)   │ (41.111, 41.778)  │ (22.0, 38.0) │
├──────────┼─────────────┼────────────────────┼───────────────────┼──────────────┤
│ min dist │ 0.922       │ 2.284              │ 0.786             │ 3.0          │
├──────────┼─────────────┼────────────────────┼───────────────────┼──────────────┤
│ max dist │ 4.342       │ 12.124             │ 4.276             │ 3.0          │
├──────────┼─────────────┼────────────────────┼───────────────────┼──────────────┤
│ avg dist │ 3.43        │ 7.579              │ 2.912             │ 3.0          │
├──────────┼─────────────┼────────────────────┼───────────────────┼──────────────┤
│ SSE      │ 128.5       │ 1164.1111111111109 │ 86.44444444444443 │ 18.0         │
├──────────┼─────────────┼────────────────────┼───────────────────┼──────────────┤
│ avg SSE  │ 12.85       │ 64.673             │ 9.605             │ 9.0          │
╘══════════╧═════════════╧════════════════════╧═══════════════════╧══════════════╛
Avg Intercluster Dist: 23.894
Ratio: 0.248
