Number of points in cluster 0: 39
Center 0: (6.853846153846153, 3.0769230769230766, 5.715384615384615, 2.053846153846153)
Max Dist. to Center:  1.552
Min Dist. to Center:  0.239
Avg Dist. to Center:  0.732
SSE:  25.41384615384616
Points: 
Iris-versicolor (7.0, 3.2, 4.7, 1.4)
Iris-versicolor (6.9, 3.1, 4.9, 1.5)
Iris-versicolor (6.7, 3.0, 5.0, 1.7)
Iris-virginica (6.3, 3.3, 6.0, 2.5)
Iris-virginica (7.1, 3.0, 5.9, 2.1)
Iris-virginica (6.3, 2.9, 5.6, 1.8)
Iris-virginica (6.5, 3.0, 5.8, 2.2)
Iris-virginica (7.6, 3.0, 6.6, 2.1)
Iris-virginica (7.3, 2.9, 6.3, 1.8)
Iris-virginica (6.7, 2.5, 5.8, 1.8)
Iris-virginica (7.2, 3.6, 6.1, 2.5)
Iris-virginica (6.5, 3.2, 5.1, 2.0)
Iris-virginica (6.4, 2.7, 5.3, 1.9)
Iris-virginica (6.8, 3.0, 5.5, 2.1)
Iris-virginica (6.4, 3.2, 5.3, 2.3)
Iris-virginica (6.5, 3.0, 5.5, 1.8)
Iris-virginica (7.7, 3.8, 6.7, 2.2)
Iris-virginica (7.7, 2.6, 6.9, 2.3)
Iris-virginica (6.9, 3.2, 5.7, 2.3)
Iris-virginica (7.7, 2.8, 6.7, 2.0)
Iris-virginica (6.7, 3.3, 5.7, 2.1)
Iris-virginica (7.2, 3.2, 6.0, 1.8)
Iris-virginica (6.4, 2.8, 5.6, 2.1)
Iris-virginica (7.2, 3.0, 5.8, 1.6)
Iris-virginica (7.4, 2.8, 6.1, 1.9)
Iris-virginica (7.9, 3.8, 6.4, 2.0)
Iris-virginica (6.4, 2.8, 5.6, 2.2)
Iris-virginica (6.1, 2.6, 5.6, 1.4)
Iris-virginica (7.7, 3.0, 6.1, 2.3)
Iris-virginica (6.3, 3.4, 5.6, 2.4)
Iris-virginica (6.4, 3.1, 5.5, 1.8)
Iris-virginica (6.9, 3.1, 5.4, 2.1)
Iris-virginica (6.7, 3.1, 5.6, 2.4)
Iris-virginica (6.9, 3.1, 5.1, 2.3)
Iris-virginica (6.8, 3.2, 5.9, 2.3)
Iris-virginica (6.7, 3.3, 5.7, 2.5)
Iris-virginica (6.7, 3.0, 5.2, 2.3)
Iris-virginica (6.5, 3.0, 5.2, 2.0)
Iris-virginica (6.2, 3.4, 5.4, 2.3)
----------------------------------------
Number of points in cluster 1: 61
Center 1: (5.88360655737705, 2.740983606557377, 4.388524590163935, 1.4344262295081966)
Max Dist. to Center:  1.647
Min Dist. to Center:  0.236
Avg Dist. to Center:  0.731
SSE:  38.29081967213114
Points: 
Iris-versicolor (6.4, 3.2, 4.5, 1.5)
Iris-versicolor (5.5, 2.3, 4.0, 1.3)
Iris-versicolor (6.5, 2.8, 4.6, 1.5)
Iris-versicolor (5.7, 2.8, 4.5, 1.3)
Iris-versicolor (6.3, 3.3, 4.7, 1.6)
Iris-versicolor (4.9, 2.4, 3.3, 1.0)
Iris-versicolor (6.6, 2.9, 4.6, 1.3)
Iris-versicolor (5.2, 2.7, 3.9, 1.4)
Iris-versicolor (5.0, 2.0, 3.5, 1.0)
Iris-versicolor (5.9, 3.0, 4.2, 1.5)
Iris-versicolor (6.0, 2.2, 4.0, 1.0)
Iris-versicolor (6.1, 2.9, 4.7, 1.4)
Iris-versicolor (5.6, 2.9, 3.6, 1.3)
Iris-versicolor (6.7, 3.1, 4.4, 1.4)
Iris-versicolor (5.6, 3.0, 4.5, 1.5)
Iris-versicolor (5.8, 2.7, 4.1, 1.0)
Iris-versicolor (6.2, 2.2, 4.5, 1.5)
Iris-versicolor (5.6, 2.5, 3.9, 1.1)
Iris-versicolor (5.9, 3.2, 4.8, 1.8)
Iris-versicolor (6.1, 2.8, 4.0, 1.3)
Iris-versicolor (6.3, 2.5, 4.9, 1.5)
Iris-versicolor (6.1, 2.8, 4.7, 1.2)
Iris-versicolor (6.4, 2.9, 4.3, 1.3)
Iris-versicolor (6.6, 3.0, 4.4, 1.4)
Iris-versicolor (6.8, 2.8, 4.8, 1.4)
Iris-versicolor (6.0, 2.9, 4.5, 1.5)
Iris-versicolor (5.7, 2.6, 3.5, 1.0)
Iris-versicolor (5.5, 2.4, 3.8, 1.1)
Iris-versicolor (5.5, 2.4, 3.7, 1.0)
Iris-versicolor (5.8, 2.7, 3.9, 1.2)
Iris-versicolor (6.0, 2.7, 5.1, 1.6)
Iris-versicolor (5.4, 3.0, 4.5, 1.5)
Iris-versicolor (6.0, 3.4, 4.5, 1.6)
Iris-versicolor (6.7, 3.1, 4.7, 1.5)
Iris-versicolor (6.3, 2.3, 4.4, 1.3)
Iris-versicolor (5.6, 3.0, 4.1, 1.3)
Iris-versicolor (5.5, 2.5, 4.0, 1.3)
Iris-versicolor (5.5, 2.6, 4.4, 1.2)
Iris-versicolor (6.1, 3.0, 4.6, 1.4)
Iris-versicolor (5.8, 2.6, 4.0, 1.2)
Iris-versicolor (5.0, 2.3, 3.3, 1.0)
Iris-versicolor (5.6, 2.7, 4.2, 1.3)
Iris-versicolor (5.7, 3.0, 4.2, 1.2)
Iris-versicolor (5.7, 2.9, 4.2, 1.3)
Iris-versicolor (6.2, 2.9, 4.3, 1.3)
Iris-versicolor (5.1, 2.5, 3.0, 1.1)
Iris-versicolor (5.7, 2.8, 4.1, 1.3)
Iris-virginica (5.8, 2.7, 5.1, 1.9)
Iris-virginica (4.9, 2.5, 4.5, 1.7)
Iris-virginica (5.7, 2.5, 5.0, 2.0)
Iris-virginica (5.8, 2.8, 5.1, 2.4)
Iris-virginica (6.0, 2.2, 5.0, 1.5)
Iris-virginica (5.6, 2.8, 4.9, 2.0)
Iris-virginica (6.3, 2.7, 4.9, 1.8)
Iris-virginica (6.2, 2.8, 4.8, 1.8)
Iris-virginica (6.1, 3.0, 4.9, 1.8)
Iris-virginica (6.3, 2.8, 5.1, 1.5)
Iris-virginica (6.0, 3.0, 4.8, 1.8)
Iris-virginica (5.8, 2.7, 5.1, 1.9)
Iris-virginica (6.3, 2.5, 5.0, 1.9)
Iris-virginica (5.9, 3.0, 5.1, 1.8)
----------------------------------------
Number of points in cluster 2: 50
Center 2: (5.005999999999999, 3.4180000000000006, 1.464, 0.2439999999999999)
Max Dist. to Center:  1.239
Min Dist. to Center:  0.06
Avg Dist. to Center:  0.484
SSE:  15.240400000000003
Points: 
Iris-setosa (5.1, 3.5, 1.4, 0.2)
Iris-setosa (4.9, 3.0, 1.4, 0.2)
Iris-setosa (4.7, 3.2, 1.3, 0.2)
Iris-setosa (4.6, 3.1, 1.5, 0.2)
Iris-setosa (5.0, 3.6, 1.4, 0.2)
Iris-setosa (5.4, 3.9, 1.7, 0.4)
Iris-setosa (4.6, 3.4, 1.4, 0.3)
Iris-setosa (5.0, 3.4, 1.5, 0.2)
Iris-setosa (4.4, 2.9, 1.4, 0.2)
Iris-setosa (4.9, 3.1, 1.5, 0.1)
Iris-setosa (5.4, 3.7, 1.5, 0.2)
Iris-setosa (4.8, 3.4, 1.6, 0.2)
Iris-setosa (4.8, 3.0, 1.4, 0.1)
Iris-setosa (4.3, 3.0, 1.1, 0.1)
Iris-setosa (5.8, 4.0, 1.2, 0.2)
Iris-setosa (5.7, 4.4, 1.5, 0.4)
Iris-setosa (5.4, 3.9, 1.3, 0.4)
Iris-setosa (5.1, 3.5, 1.4, 0.3)
Iris-setosa (5.7, 3.8, 1.7, 0.3)
Iris-setosa (5.1, 3.8, 1.5, 0.3)
Iris-setosa (5.4, 3.4, 1.7, 0.2)
Iris-setosa (5.1, 3.7, 1.5, 0.4)
Iris-setosa (4.6, 3.6, 1.0, 0.2)
Iris-setosa (5.1, 3.3, 1.7, 0.5)
Iris-setosa (4.8, 3.4, 1.9, 0.2)
Iris-setosa (5.0, 3.0, 1.6, 0.2)
Iris-setosa (5.0, 3.4, 1.6, 0.4)
Iris-setosa (5.2, 3.5, 1.5, 0.2)
Iris-setosa (5.2, 3.4, 1.4, 0.2)
Iris-setosa (4.7, 3.2, 1.6, 0.2)
Iris-setosa (4.8, 3.1, 1.6, 0.2)
Iris-setosa (5.4, 3.4, 1.5, 0.4)
Iris-setosa (5.2, 4.1, 1.5, 0.1)
Iris-setosa (5.5, 4.2, 1.4, 0.2)
Iris-setosa (4.9, 3.1, 1.5, 0.1)
Iris-setosa (5.0, 3.2, 1.2, 0.2)
Iris-setosa (5.5, 3.5, 1.3, 0.2)
Iris-setosa (4.9, 3.1, 1.5, 0.1)
Iris-setosa (4.4, 3.0, 1.3, 0.2)
Iris-setosa (5.1, 3.4, 1.5, 0.2)
Iris-setosa (5.0, 3.5, 1.3, 0.3)
Iris-setosa (4.5, 2.3, 1.3, 0.3)
Iris-setosa (4.4, 3.2, 1.3, 0.2)
Iris-setosa (5.0, 3.5, 1.6, 0.6)
Iris-setosa (5.1, 3.8, 1.9, 0.4)
Iris-setosa (4.8, 3.0, 1.4, 0.3)
Iris-setosa (5.1, 3.8, 1.6, 0.2)
Iris-setosa (4.6, 3.2, 1.4, 0.2)
Iris-setosa (5.3, 3.7, 1.5, 0.2)
Iris-setosa (5.0, 3.3, 1.4, 0.2)
----------------------------------------
╒══════════╤══════════════════════════════╤══════════════════════════════╤══════════════════════════════╕
│ cluster  │ 0                            │ 1                            │ 2                            │
├──────────┼──────────────────────────────┼──────────────────────────────┼──────────────────────────────┤
│ center   │ (6.854, 3.077, 5.715, 2.054) │ (5.884, 2.741, 4.389, 1.434) │ (5.006, 3.418, 1.464, 0.244) │
├──────────┼──────────────────────────────┼──────────────────────────────┼──────────────────────────────┤
│ min dist │ 0.239                        │ 0.236                        │ 0.06                         │
├──────────┼──────────────────────────────┼──────────────────────────────┼──────────────────────────────┤
│ max dist │ 1.552                        │ 1.647                        │ 1.239                        │
├──────────┼──────────────────────────────┼──────────────────────────────┼──────────────────────────────┤
│ avg dist │ 0.732                        │ 0.731                        │ 0.484                        │
├──────────┼──────────────────────────────┼──────────────────────────────┼──────────────────────────────┤
│ sse      │ 25.41384615384616            │ 38.29081967213114            │ 15.240400000000003           │
╘══════════╧══════════════════════════════╧══════════════════════════════╧══════════════════════════════╛
Avg Intercluster Dist: 3.374
Ratio: 0.438
Cluster 0 purity = 92.308 %
Cluster 1 purity = 77.049 %
Cluster 2 purity = 100.000 %
