Number of points in cluster 0: 21
Center 0: (1.1904761904761905, 0.3333333333333333, 2.0, 1.0952380952380953, 0.8095238095238095)
Max Dist. to Center:  1.589
Min Dist. to Center:  0.439
Avg Dist. to Center:  0.815
SSE:  16.952380952380953
SSE per points in cluster:  0.807
Points:
(2.0, 0.0, 2.0, 1.0, 0.0)
(2.0, 0.0, 2.0, 1.0, 0.0)
(1.0, 0.0, 2.0, 1.0, 0.0)
(1.0, 1.0, 2.0, 1.0, 1.0)
(1.0, 0.0, 2.0, 1.0, 1.0)
(1.0, 0.0, 2.0, 1.0, 1.0)
(1.0, 0.0, 2.0, 1.0, 1.0)
(1.0, 0.0, 2.0, 1.0, 1.0)
(1.0, 0.0, 2.0, 1.0, 1.0)
(1.0, 0.0, 2.0, 2.0, 2.0)
(2.0, 1.0, 2.0, 1.0, 2.0)
(1.0, 0.0, 2.0, 1.0, 1.0)
(1.0, 0.0, 2.0, 1.0, 1.0)
(2.0, 1.0, 2.0, 1.0, 1.0)
(1.0, 0.0, 2.0, 2.0, 1.0)
(1.0, 1.0, 2.0, 1.0, 1.0)
(1.0, 0.0, 2.0, 1.0, 1.0)
(1.0, 0.0, 2.0, 1.0, 1.0)
(1.0, 1.0, 2.0, 1.0, 0.0)
(1.0, 1.0, 2.0, 1.0, 0.0)
(1.0, 1.0, 2.0, 1.0, 0.0)
----------------------------------------
Number of points in cluster 1: 6
Center 1: (3.3333333333333335, 0.3333333333333333, 2.0, 1.0, 0.3333333333333333)
Max Dist. to Center:  1.0
Min Dist. to Center:  0.577
Avg Dist. to Center:  0.807
SSE:  4.000000000000001
SSE per points in cluster:  0.667
Points:
(3.0, 0.0, 2.0, 1.0, 0.0)
(3.0, 0.0, 2.0, 1.0, 1.0)
(4.0, 0.0, 2.0, 1.0, 0.0)
(3.0, 1.0, 2.0, 1.0, 0.0)
(3.0, 1.0, 2.0, 1.0, 1.0)
(4.0, 0.0, 2.0, 1.0, 0.0)
----------------------------------------
Number of points in cluster 2: 10
Center 2: (4.2, 0.0, 4.0, 1.0, 0.6)
Max Dist. to Center:  5.814
Min Dist. to Center:  0.632
Avg Dist. to Center:  1.674
SSE:  47.99999999999999
SSE per points in cluster:  4.8
Points:
(5.0, 0.0, 4.0, 1.0, 1.0)
(5.0, 0.0, 4.0, 1.0, 0.0)
(4.0, 0.0, 4.0, 1.0, 0.0)
(10.0, 0.0, 4.0, 1.0, 1.0)
(3.0, 0.0, 4.0, 1.0, 1.0)
(3.0, 0.0, 4.0, 1.0, 0.0)
(3.0, 0.0, 4.0, 1.0, 0.0)
(3.0, 0.0, 4.0, 1.0, 1.0)
(3.0, 0.0, 4.0, 1.0, 0.0)
(3.0, 0.0, 4.0, 1.0, 2.0)
----------------------------------------
Number of points in cluster 3: 25
Center 3: (1.04, 0.88, 4.0, 1.16, 0.76)
Max Dist. to Center:  3.03
Min Dist. to Center:  0.315
Avg Dist. to Center:  0.849
SSE:  27.519999999999996
SSE per points in cluster:  1.101
Points:
(1.0, 0.0, 4.0, 2.0, 0.0)
(2.0, 0.0, 4.0, 2.0, 0.0)
(1.0, 0.0, 4.0, 1.0, 1.0)
(1.0, 0.0, 4.0, 3.0, 3.0)
(1.0, 1.0, 4.0, 1.0, 0.0)
(1.0, 1.0, 4.0, 1.0, 1.0)
(1.0, 1.0, 4.0, 1.0, 2.0)
(1.0, 1.0, 4.0, 1.0, 2.0)
(1.0, 1.0, 4.0, 1.0, 0.0)
(1.0, 1.0, 4.0, 1.0, 1.0)
(1.0, 1.0, 4.0, 1.0, 1.0)
(1.0, 1.0, 4.0, 1.0, 0.0)
(1.0, 2.0, 4.0, 1.0, 2.0)
(1.0, 1.0, 4.0, 1.0, 1.0)
(1.0, 1.0, 4.0, 1.0, 0.0)
(1.0, 1.0, 4.0, 1.0, 1.0)
(1.0, 1.0, 4.0, 1.0, 0.0)
(1.0, 1.0, 4.0, 1.0, 1.0)
(1.0, 1.0, 4.0, 1.0, 1.0)
(1.0, 1.0, 4.0, 1.0, 0.0)
(1.0, 1.0, 4.0, 1.0, 0.0)
(1.0, 1.0, 4.0, 1.0, 0.0)
(1.0, 1.0, 4.0, 1.0, 1.0)
(1.0, 1.0, 4.0, 1.0, 0.0)
(1.0, 1.0, 4.0, 1.0, 1.0)
----------------------------------------
╒══════════╤═════════════════════════════════╤═════════════════════════════════╤═══════════════════════════╤═══════════════════════════════╕
│ cluster  │ 0                               │ 1                               │ 2                         │ 3                             │
├──────────┼─────────────────────────────────┼─────────────────────────────────┼───────────────────────────┼───────────────────────────────┤
│ center   │ (1.19, 0.333, 2.0, 1.095, 0.81) │ (3.333, 0.333, 2.0, 1.0, 0.333) │ (4.2, 0.0, 4.0, 1.0, 0.6) │ (1.04, 0.88, 4.0, 1.16, 0.76) │
├──────────┼─────────────────────────────────┼─────────────────────────────────┼───────────────────────────┼───────────────────────────────┤
│ min dist │ 0.439                           │ 0.577                           │ 0.632                     │ 0.315                         │
├──────────┼─────────────────────────────────┼─────────────────────────────────┼───────────────────────────┼───────────────────────────────┤
│ max dist │ 1.589                           │ 1.0                             │ 5.814                     │ 3.03                          │
├──────────┼─────────────────────────────────┼─────────────────────────────────┼───────────────────────────┼───────────────────────────────┤
│ avg dist │ 0.815                           │ 0.807                           │ 1.674                     │ 0.849                         │
├──────────┼─────────────────────────────────┼─────────────────────────────────┼───────────────────────────┼───────────────────────────────┤
│ SSE      │ 16.952380952380953              │ 4.000000000000001               │ 47.99999999999999         │ 27.519999999999996            │
├──────────┼─────────────────────────────────┼─────────────────────────────────┼───────────────────────────┼───────────────────────────────┤
│ avg SSE  │ 0.807                           │ 0.667                           │ 4.8                       │ 1.101                         │
╘══════════╧═════════════════════════════════╧═════════════════════════════════╧═══════════════════════════╧═══════════════════════════════╛
Avg Intercluster Dist: 2.758
Ratio: 1.036
