Number of points in cluster 0: 4
Center 0: (5.0, 13.0, 1.0)
Max Dist. to Center:  2.0
Min Dist. to Center:  1.0
Avg Dist. to Center:  1.5
SSE:  10.0
Points: 
(5, 15, 1)
(5, 14, 1)
(5, 12, 1)
(5, 11, 1)
----------------------------------------
Number of points in cluster 1: 1
Center 1: (2.0, 19.0, 2.0)
Max Dist. to Center:  0.0
Min Dist. to Center:  0.0
Avg Dist. to Center:  0.0
SSE:  0.0
Points: 
(2, 19, 2)
----------------------------------------
Number of points in cluster 2: 8
Center 2: (2.0, 3.125, 2.0)
Max Dist. to Center:  2.741
Min Dist. to Center:  0.875
Avg Dist. to Center:  1.647
SSE:  24.875
Points: 
(2, 1, 1)
(2, 2, 2)
(2, 2, 2)
(2, 2, 1)
(2, 4, 2)
(2, 4, 1)
(2, 5, 3)
(2, 5, 4)
----------------------------------------
Number of points in cluster 3: 6
Center 3: (5.0, 8.5, 1.0)
Max Dist. to Center:  1.5
Min Dist. to Center:  0.5
Avg Dist. to Center:  0.833
SSE:  5.5
Points: 
(5, 10, 1)
(5, 9, 1)
(5, 9, 1)
(5, 8, 1)
(5, 8, 1)
(5, 7, 1)
----------------------------------------
╒══════════╤══════════════════╤══════════════════╤══════════════════╤═════════════════╕
│ cluster  │ 0                │ 1                │ 2                │ 3               │
├──────────┼──────────────────┼──────────────────┼──────────────────┼─────────────────┤
│ center   │ (5.0, 13.0, 1.0) │ (2.0, 19.0, 2.0) │ (2.0, 3.125, 2.0)│ (5.0, 8.5, 1.0) │
├──────────┼──────────────────┼──────────────────┼──────────────────┼─────────────────┤
│ min dist │ 1.0              │ 0.0              │ 0.875            │ 0.5             │
├──────────┼──────────────────┼──────────────────┼──────────────────┼─────────────────┤
│ max dist │ 2.0              │ 0.0              │ 2.741            │ 1.5             │
├──────────┼──────────────────┼──────────────────┼──────────────────┼─────────────────┤
│ avg dist │ 1.5              │ 0.0              │ 1.647            │ 0.833           │
├──────────┼──────────────────┼──────────────────┼──────────────────┼─────────────────┤
│ sse      │ 10.0             │ 0.0              │ 24.875           │ 5.5             │
╘══════════╧══════════════════╧══════════════════╧══════════════════╧═════════════════╛
Avg Intercluster Dist: 9.121
Ratio: 0.171
