Number of points in cluster 0: 12
Center 0: (35.166666666666664, 25.583333333333332)
Max Dist. to Center:  7.563
Min Dist. to Center:  0.607
Avg Dist. to Center:  4.024
SSE:  252.58333333333337
Points:
(31, 30)
(35, 30)
(28, 28)
(34, 27)
(36, 27)
(37, 26)
(35, 25)
(39, 25)
(37, 24)
(41, 23)
(31, 21)
(38, 21)
----------------------------------------
Number of points in cluster 1: 11
Center 1: (7.7272727272727275, 35.81818181818182)
Max Dist. to Center:  5.658
Min Dist. to Center:  0.75
Avg Dist. to Center:  3.075
SSE:  137.81818181818184
Points:
(10, 41)
(3, 38)
(6, 37)
(8, 37)
(7, 36)
(13, 36)
(6, 35)
(8, 35)
(10, 34)
(5, 33)
(9, 32)
----------------------------------------
Number of points in cluster 2: 4
Center 2: (25.5, 13.0)
Max Dist. to Center:  10.112
Min Dist. to Center:  4.5
Avg Dist. to Center:  6.978
SSE:  211.0
Points:
(23, 19)
(31, 17)
(21, 13)
(27, 3)
----------------------------------------
Number of points in cluster 3: 4
Center 3: (12.25, 23.75)
Max Dist. to Center:  6.175
Min Dist. to Center:  3.335
Avg Dist. to Center:  4.956
SSE:  103.49999999999999
Points:
(11, 28)
(18, 26)
(9, 23)
(11, 18)
----------------------------------------
Number of points in cluster 4: 10
Center 4: (23.3, 41.7)
Max Dist. to Center:  9.109
Min Dist. to Center:  0.424
Avg Dist. to Center:  4.006
SSE:  228.2
Points:
(24, 49)
(19, 44)
(23, 44)
(22, 43)
(24, 43)
(26, 43)
(23, 42)
(20, 39)
(26, 37)
(26, 33)
----------------------------------------
Number of points in cluster 5: 12
Center 5: (10.583333333333334, 6.75)
Max Dist. to Center:  8.087
Min Dist. to Center:  0.486
Avg Dist. to Center:  3.619
SSE:  223.16666666666669
Points:
(7, 14)
(12, 10)
(16, 9)
(5, 8)
(9, 7)
(11, 7)
(10, 6)
(13, 6)
(9, 5)
(11, 5)
(10, 3)
(14, 1)
----------------------------------------
Number of points in cluster 6: 9
Center 6: (42.77777777777778, 10.333333333333334)
Max Dist. to Center:  11.281
Min Dist. to Center:  2.634
Avg Dist. to Center:  5.241
SSE:  299.55555555555554
Points:
(50, 19)
(39, 16)
(44, 15)
(39, 11)
(44, 8)
(42, 7)
(41, 6)
(43, 6)
(43, 5)
----------------------------------------
Number of points in cluster 7: 11
Center 7: (41.27272727272727, 38.90909090909091)
Max Dist. to Center:  10.086
Min Dist. to Center:  1.676
Avg Dist. to Center:  4.397
SSE:  277.09090909090907
Points:
(38, 45)
(42, 43)
(40, 42)
(41, 41)
(44, 41)
(40, 40)
(44, 40)
(43, 37)
(38, 36)
(38, 33)
(46, 30)
----------------------------------------
╒══════════╤════════════════════╤════════════════════╤══════════════╤════════════════════╤══════════════╤════════════════════╤════════════════════╤════════════════════╕
│ cluster  │ 0                  │ 1                  │ 2            │ 3                  │ 4            │ 5                  │ 6                  │ 7                  │
├──────────┼────────────────────┼────────────────────┼──────────────┼────────────────────┼──────────────┼────────────────────┼────────────────────┼────────────────────┤
│ center   │ (35.167, 25.583)   │ (7.727, 35.818)    │ (25.5, 13.0) │ (12.25, 23.75)     │ (23.3, 41.7) │ (10.583, 6.75)     │ (42.778, 10.333)   │ (41.273, 38.909)   │
├──────────┼────────────────────┼────────────────────┼──────────────┼────────────────────┼──────────────┼────────────────────┼────────────────────┼────────────────────┤
│ min dist │ 0.607              │ 0.75               │ 4.5          │ 3.335              │ 0.424        │ 0.486              │ 2.634              │ 1.676              │
├──────────┼────────────────────┼────────────────────┼──────────────┼────────────────────┼──────────────┼────────────────────┼────────────────────┼────────────────────┤
│ max dist │ 7.563              │ 5.658              │ 10.112       │ 6.175              │ 9.109        │ 8.087              │ 11.281             │ 10.086             │
├──────────┼────────────────────┼────────────────────┼──────────────┼────────────────────┼──────────────┼────────────────────┼────────────────────┼────────────────────┤
│ avg dist │ 4.024              │ 3.075              │ 6.978        │ 4.956              │ 4.006        │ 3.619              │ 5.241              │ 4.397              │
├──────────┼────────────────────┼────────────────────┼──────────────┼────────────────────┼──────────────┼────────────────────┼────────────────────┼────────────────────┤
│ sse      │ 252.58333333333337 │ 137.81818181818184 │ 211.0        │ 103.49999999999999 │ 228.2        │ 223.16666666666669 │ 299.55555555555554 │ 277.09090909090907 │
╘══════════╧════════════════════╧════════════════════╧══════════════╧════════════════════╧══════════════╧════════════════════╧════════════════════╧════════════════════╛
Avg Intercluster Dist: 25.977
Ratio: 0.328
